<?xml version="1.0" encoding="utf-8"?><testsuites name="pytest tests"><testsuite name="pytest" errors="0" failures="6" skipped="523" tests="2419" time="39.140" timestamp="2025-11-13T17:12:36.153863+05:30" hostname="LAPTOP-20PVTIV9"><testcase classname="" name="tests.test_csv_cardinality_suppression" time="0.000"><skipped message="collection skipped">('C:\\Users\\Asus\\Desktop\\g6_reorganized\\tests\\test_csv_cardinality_suppression.py', 8, 'Skipped: Cardinality suppression feature removed from CsvSink')</skipped></testcase><testcase classname="" name="tests.test_deprecation_legacy_loop" time="0.000"><skipped message="collection skipped">('C:\\Users\\Asus\\Desktop\\g6_reorganized\\tests\\test_deprecation_legacy_loop.py', 3, 'Skipped: Legacy unified_main deprecation warning tests removed – module fully deleted')</skipped></testcase><testcase classname="" name="tests.test_expiry_discovery_precedence" time="0.000"><skipped message="collection skipped">('C:\\Users\\Asus\\Desktop\\g6_reorganized\\tests\\test_expiry_discovery_precedence.py', 3, 'Skipped: Tombstone: expiry discovery precedence tests removed; remove file after 2025-11-30 if no new coverage added')</skipped></testcase><testcase classname="" name="tests.test_legacy_loop_gating" time="0.000"><skipped message="collection skipped">('C:\\Users\\Asus\\Desktop\\g6_reorganized\\tests\\test_legacy_loop_gating.py', 3, 'Skipped: Legacy unified_main gating tests removed – module fully deleted')</skipped></testcase><testcase classname="" name="tests.test_panel_status_parity" time="0.000"><skipped message="collection skipped">('C:\\Users\\Asus\\Desktop\\g6_reorganized\\tests\\test_panel_status_parity.py', 3, 'Skipped: Panel status parity test placeholder – legacy parity path removed; no replacement planned. Remove file after 2025-11-15 if no new parity harness added.')</skipped></testcase><testcase classname="" name="tests.test_perf_strikes" time="0.000"><skipped message="collection skipped">('C:\\Users\\Asus\\Desktop\\g6_reorganized\\tests\\test_perf_strikes.py', 3, 'Skipped: Tombstone: perf strikes legacy test removed; remove file after 2025-11-30 if no replacement added')</skipped></testcase><testcase classname="" name="tests.test_pipeline_direct_finalize_synthetic" time="0.000"><skipped message="collection skipped">('C:\\Users\\Asus\\Desktop\\g6_reorganized\\tests\\test_pipeline_direct_finalize_synthetic.py', 3, 'Skipped: Tombstone: synthetic direct finalize pipeline test removed with synthetic fallback feature (2025-10-08). Delete this file after 2025-12-01 if no replacement coverage is introduced.')</skipped></testcase><testcase classname="" name="tests.test_synthetic_fallback_unit" time="0.000"><skipped message="collection skipped">('C:\\Users\\Asus\\Desktop\\g6_reorganized\\tests\\test_synthetic_fallback_unit.py', 3, 'Skipped: Tombstone: synthetic fallback unit tests removed with feature deprecation (2025-10-08). Delete file after 2025-12-01 if no replacement tests introduced.')</skipped></testcase><testcase classname="" name="tests.test_unified_snapshot" time="0.000"><skipped message="collection skipped">('C:\\Users\\Asus\\Desktop\\g6_reorganized\\tests\\test_unified_snapshot.py', 3, 'Skipped: Legacy assemble_unified_snapshot tests removed – module tombstoned')</skipped></testcase><testcase classname="" name="tests.test_unified_snapshot_deprecation" time="0.000"><skipped message="collection skipped">('C:\\Users\\Asus\\Desktop\\g6_reorganized\\tests\\test_unified_snapshot_deprecation.py', 13, 'Skipped: Legacy assemble_unified_snapshot deprecation test removed – module tombstoned')</skipped></testcase><testcase classname="tests.advisor.test_core_smoke" name="test_universal_advisor_smoke" time="6.976" /><testcase classname="tests.analytics.test_option_greeks_same_day" name="test_dte_same_day_before_1530_positive" time="0.006" /><testcase classname="tests.analytics.test_option_greeks_same_day" name="test_black_scholes_same_day_greeks_non_zero_before_1530" time="0.008" /><testcase classname="tests.advisor.test_exporter_smoke" name="test_exporter_cycle_simulation" time="7.697" /><testcase classname="tests.analytics.test_option_greeks_same_day" name="test_dte_same_day_after_1530_zero" time="0.006" /><testcase classname="tests.advisor.test_correlation_plugin" name="test_correlation_ann_path_triggers" time="6.984" /><testcase classname="tests.storage.test_csv_sink_helpers" name="test_build_misclass_quarantine_record_basic" time="0.010" /><testcase classname="tests.storage.test_csv_sink_helpers" name="test_build_misclass_quarantine_record_type_fallbacks" time="0.009" /><testcase classname="tests.storage.test_csv_sink_helpers" name="test_not_preopen_no_quarantine" time="0.004" /><testcase classname="tests.storage.test_csv_sink_helpers" name="test_preopen_allowed_flag_bypass" time="0.005" /><testcase classname="tests.storage.test_csv_sink_helpers" name="test_nearest_price_for_type_basic" time="0.004" /><testcase classname="tests.storage.test_csv_sink_helpers" name="test_update_open_prices_preopen_and_window" time="0.003" /><testcase classname="tests.storage.test_csv_sink_helpers" name="test_update_open_prices_post_window_new_day" time="0.003" /><testcase classname="tests.storage.test_csv_sink_helpers" name="test_validate_schema_drops_invalid_and_marks_bad_type" time="0.003" /><testcase classname="tests.storage.test_csv_sink_helpers" name="test_compute_pcr_basic_and_edge" time="0.003" /><testcase classname="tests.storage.test_csv_sink_helpers" name="test_is_expiry_disallowed_when_not_configured" time="0.003" /><testcase classname="tests.storage.test_csv_sink_helpers" name="test_is_expiry_disallowed_with_set_list_tuple" time="0.003" /><testcase classname="tests.storage.test_csv_sink_helpers" name="test_validate_schema_no_issues_for_valid_legs" time="0.003" /><testcase classname="tests.storage.test_csv_sink_helpers" name="test_compute_day_width_basic_and_edge" time="0.002" /><testcase classname="tests.storage.test_csv_sink_helpers" name="test_resolve_index_price_ordering" time="0.003" /><testcase classname="tests.storage.test_csv_sink_helpers" name="test_init_batch_state_if_needed" time="0.003" /><testcase classname="tests.storage.test_csv_sink_helpers" name="test_build_return_metrics_flags" time="0.003" /><testcase classname="tests.storage.test_csv_sink_helpers" name="test_resolve_vix_ordering_and_cache" time="0.003" /><testcase classname="tests.storage.test_csv_sink_helpers" name="test_align_row_to_header_basic_and_atm_derivation" time="0.003" /><testcase classname="tests.storage.test_csv_sink_helpers" name="test_compute_change_metrics_basic_and_edge" time="0.003" /><testcase classname="tests.storage.test_csv_sink_helpers" name="test_align_rows_for_existing_file_reads_header_and_aligns" time="0.013" /><testcase classname="tests.storage.test_csvio_atomic_backend" name="test_atomic_backend_aligns_to_existing_header" time="0.016" /><testcase classname="tests.storage.test_csvio_atomic_backend" name="test_atomic_backend_new_and_append" time="0.035" /><testcase classname="tests.storage.test_csvio_atomic_backend" name="test_atomic_backend_respects_missing_trailing_newline" time="0.008" /><testcase classname="tests.storage.test_csvio_facade" name="test_append_one_writes_header_and_row" time="0.005" /><testcase classname="tests.test_adaptive_alerts" name="test_bucket_util_low_streak_alert" time="0.002" /><testcase classname="tests.test_adaptive_alerts" name="test_risk_delta_drift_alert" time="0.002" /><testcase classname="tests.test_adaptive_alerts" name="test_status_writer_includes_adaptive_alerts" time="0.014" /><testcase classname="tests.storage.test_csvio_facade" name="test_append_many_appends_rows_and_header_once" time="0.005" /><testcase classname="tests.test_adaptive_alerts_panel" name="test_adaptive_alerts_panel_structure" time="0.002" /><testcase classname="tests.storage.test_csvio_facade" name="test_aligns_row_to_existing_header_and_computes_atm" time="0.012" /><testcase classname="tests.test_adaptive_controller" name="test_adaptive_controller_demotion_and_recovery" time="0.002" /><testcase classname="tests.test_adaptive_contraction" name="test_adaptive_contraction_returns_toward_baseline" time="0.031" /><testcase classname="tests.test_adaptive_controller_metrics" name="test_adaptive_metrics_gated_by_group" time="0.021" /><testcase classname="tests.test_adaptive_alerts_panel_meta" name="test_adaptive_alerts_severity_meta_present" time="0.002" /><testcase classname="tests.test_adaptive_followups" name="test_followups_bucket_guard" time="0.008" /><testcase classname="tests.test_adaptive_controller_metrics" name="test_adaptive_metrics_registration_and_update" time="0.017" /><testcase classname="tests.test_adaptive_alerts" name="test_interpolation_guard_alert" time="0.002" /><testcase classname="tests.test_adaptive_followups_extended" name="test_followups_weight_accumulation_and_pressure" time="2.107" /><testcase classname="tests.test_adaptive_followups" name="test_followups_risk_drift" time="0.010" /><testcase classname="tests.test_adaptive_followups" name="test_followups_interpolation_guard" time="0.011" /><testcase classname="tests.test_adaptive_followups_extended" name="test_followups_suppression" time="0.007" /><testcase classname="tests.test_adaptive_followups_extended" name="test_followups_weight_controller_demote" time="0.007" /><testcase classname="tests.test_adaptive_cooldown" name="test_adaptive_cooldown_flap_prevention" time="0.019" /><testcase classname="tests.test_adaptive_followups_extended" name="test_followups_escalation_bypass" time="0.006" /><testcase classname="tests.test_adaptive_followups_extended" name="test_followups_weight_pressure_gauge" time="0.007" /><testcase classname="tests.test_adaptive_followups_extended" name="test_followups_event_dispatch" time="0.068" /><testcase classname="tests.test_adaptive_memory_tier" name="test_memory_tier_demotes_without_sla_or_cardinality" time="0.002" /><testcase classname="tests.test_adaptive_passthrough" name="test_adaptive_passthrough_does_not_mutate_index_params" time="0.002" /><testcase classname="tests.test_adaptive_passthrough" name="test_build_strikes_scale_application_counts" time="0.001" /><testcase classname="tests.test_adaptive_refinements" name="test_hysteresis_metadata_exposed" time="0.014" /><testcase classname="tests.test_adaptive_refinements" name="test_band_window_rejection_counter" time="0.001" /><testcase classname="tests.test_adaptive_severity_controller_integration" name="test_severity_driven_demote_and_block_promote" time="0.003" /><testcase classname="tests.test_adaptive_strike_scaling" name="test_adaptive_scale_down_and_restore" time="0.003" /><testcase classname="tests.test_adaptive_theme_endpoint_and_trend" name="test_theme_endpoint_and_trend" time="0.395" /><testcase classname="tests.test_adaptive_refinements" name="test_config_override_band_window" time="0.002" /><testcase classname="tests.test_adaptive_trace" name="test_adaptive_exit_and_trace" time="0.332" /><testcase classname="tests.test_adaptive_logic_and_surface_metrics" name="test_adaptive_logic_demote_then_promote" time="0.020" /><testcase classname="tests.test_adaptive_strike_retry" name="test_adaptive_strike_retry_increments" time="0.018" /><testcase classname="tests.test_advisor_diagnostics_api" name="test_advisor_integrity_endpoint_structure_and_presence" time="0.054" /><testcase classname="tests.test_adaptive_logic_and_surface_metrics" name="test_vol_surface_quality_and_timing" time="0.018"><skipped type="pytest.skip" message="No interpolation timing recorded (scenario produced no gaps)">C:\Users\Asus\Desktop\g6_reorganized\tests\test_adaptive_logic_and_surface_metrics.py:106: No interpolation timing recorded (scenario produced no gaps)</skipped></testcase><testcase classname="tests.test_advisor_metrics" name="test_advisor_metrics_gauges_populate_and_update" time="6.194" /><testcase classname="tests.test_advisor_diagnostics_api" name="test_universal_advisor_age_endpoint_is_fresh_and_structured" time="6.169" /><testcase classname="tests.test_adaptive_trace" name="test_adaptive_reentry_cooldown" time="0.333" /><testcase classname="tests.test_adaptive_theme_endpoint_and_trend" name="test_trend_smoothing_demote" time="0.003" /><testcase classname="tests.test_aggregation_overview" name="test_emit_overview_influx_failure_graceful" time="0.001" /><testcase classname="tests.test_alert_severity_labels" name="test_alert_severity_default_mapping" time="0.001" /><testcase classname="tests.test_alert_severity_labels" name="test_alert_severity_env_override" time="0.001" /><testcase classname="tests.test_alert_severity_labels" name="test_alert_severity_helper_direct" time="0.001" /><testcase classname="tests.test_alerts_core" name="test_alerts_core_mixed" time="0.001" /><testcase classname="tests.test_alerts_core" name="test_alerts_core_no_alerts" time="0.001" /><testcase classname="tests.test_alerts_panel_severity_grouping" name="test_severity_grouping_enabled" time="0.026" /><testcase classname="tests.test_alerts_panel_severity_grouping" name="test_severity_grouping_disabled" time="0.008" /><testcase classname="tests.test_analytics_builders" name="test_recursive_panel_diff_depth" time="0.006" /><testcase classname="tests.test_analytics_builders" name="test_vol_surface_builder_basic" time="0.001" /><testcase classname="tests.test_analytics_builders" name="test_risk_agg_builder_basic" time="0.001" /><testcase classname="tests.test_analytics_builders" name="test_latency_histogram_metrics_presence" time="0.001"><skipped type="pytest.skip" message="Missing metrics due to group gating: ['panel_diff_emit_seconds', 'vol_surface_build_seconds', 'risk_agg_build_seconds']">C:\Users\Asus\Desktop\g6_reorganized\tests\test_analytics_builders.py:76: Missing metrics due to group gating: ['panel_diff_emit_seconds', 'vol_surface_build_seconds', 'risk_agg_build_seconds']</skipped></testcase><testcase classname="tests.test_analytics_depth_metrics" name="test_vol_surface_coverage_metrics" time="0.001"><failure message="AttributeError: vol_surface_rows">self = &lt;src.metrics.metrics.MetricsRegistry object at 0x0000018C5C1AED80&gt;
name = 'vol_surface_rows'

    def __getattr__(self, name: str):  # type: ignore[override]
        try:
&gt;           return self.__dict__[name]
                   ^^^^^^^^^^^^^^^^^^^
E           KeyError: 'vol_surface_rows'

src\metrics\metrics.py:181: KeyError

During handling of the above exception, another exception occurred:

monkeypatch = &lt;_pytest.monkeypatch.MonkeyPatch object at 0x0000018C5DF8F740&gt;

    def test_vol_surface_coverage_metrics(monkeypatch):
        os.environ['G6_ESTIMATE_IV'] = '1'  # ensure interpolation path potentially exercised
        metrics = get_metrics()
        # Build a minimal synthetic surface result structure matching expected format
        # Simulate raw and interpolated rows
        raw_rows = [
            {'strike': 100, 'expiry': '2025-01-01', 'source': 'raw', 'iv': 0.2},
            {'strike': 105, 'expiry': '2025-01-01', 'source': 'raw', 'iv': 0.21},
        ]
        interp_rows = [
            {'strike': 102.5, 'expiry': '2025-01-01', 'source': 'interp', 'iv': 0.205},
        ]
        # Monkeypatch build function internals if needed; easier: directly invoke metrics update helper logic
        # We emulate what build_surface would have set after computing rows
        total_raw = len([r for r in raw_rows if r.get('source') == 'raw'])
        total_interp = len([r for r in interp_rows if r.get('source') == 'interp'])
        total = total_raw + total_interp
        # Set metrics like build_surface does
&gt;       metrics.vol_surface_rows.labels(index='global', source='raw').set(total_raw)
        ^^^^^^^^^^^^^^^^^^^^^^^^

tests\test_analytics_depth_metrics.py:26: 
_ _ _ _ _ _ _ _ _ _ _ _ _ _ _ _ _ _ _ _ _ _ _ _ _ _ _ _ _ _ _ _ _ _ _ _ _ _ _ _

self = &lt;src.metrics.metrics.MetricsRegistry object at 0x0000018C5C1AED80&gt;
name = 'vol_surface_rows'

    def __getattr__(self, name: str):  # type: ignore[override]
        try:
            return self.__dict__[name]
        except Exception:
            # Defer to default behavior for special attributes
&gt;           raise AttributeError(name)
E           AttributeError: vol_surface_rows

src\metrics\metrics.py:184: AttributeError</failure></testcase><testcase classname="tests.test_aggregation_overview" name="test_emit_overview_no_snapshot" time="0.001" /><testcase classname="tests.test_analytics_option_chain.TestOptionChainAnalytics" name="test_init" time="0.001" /><testcase classname="tests.test_analytics_option_chain.TestOptionChainAnalytics" name="test_fetch_option_chain_basic" time="0.005" /><testcase classname="tests.test_analytics_option_chain.TestOptionChainAnalytics" name="test_fetch_option_chain_auto_strike_step_nifty" time="0.002" /><testcase classname="tests.test_analytics_option_chain.TestOptionChainAnalytics" name="test_fetch_option_chain_auto_strike_step_banknifty" time="0.001" /><testcase classname="tests.test_analytics_option_chain.TestOptionChainAnalytics" name="test_fetch_option_chain_provider_failure" time="0.004" /><testcase classname="tests.test_analytics_option_chain.TestOptionChainAnalytics" name="test_fetch_option_chain_missing_method" time="0.003" /><testcase classname="tests.test_analytics_option_chain.TestOptionChainAnalytics" name="test_fetch_option_chain_alternate_method" time="0.006" /><testcase classname="tests.test_analytics_option_chain.TestOptionChainAnalytics" name="test_fetch_option_chain_datetime_expiry" time="0.001" /><testcase classname="tests.test_analytics_option_chain.TestOptionChainAnalytics" name="test_fetch_option_chain_large_strike_range" time="0.001" /><testcase classname="tests.test_analytics_option_chain.TestOptionChainAnalytics" name="test_fetch_option_chain_single_strike" time="0.001" /><testcase classname="tests.test_analytics_option_chain.TestOptionChainIntegration" name="test_full_workflow_with_quotes" time="0.004" /><testcase classname="tests.test_analytics_option_chain.TestOptionChainIntegration" name="test_calculate_pcr_basic" time="0.003" /><testcase classname="tests.test_analytics_option_chain.TestOptionChainIntegration" name="test_calculate_pcr_empty_chain" time="0.001" /><testcase classname="tests.test_analytics_option_chain.TestOptionChainIntegration" name="test_calculate_pcr_no_atm_strike_method" time="0.002" /><testcase classname="tests.test_analytics_option_chain.TestOptionChainIntegration" name="test_calculate_max_pain_basic" time="0.005" /><testcase classname="tests.test_analytics_option_chain.TestOptionChainIntegration" name="test_calculate_max_pain_empty_chain" time="0.002" /><testcase classname="tests.test_analytics_persistence" name="test_vol_surface_interpolation_and_persistence" time="0.005" /><testcase classname="tests.test_analytics_persistence" name="test_risk_agg_persistence_and_notionals" time="0.005" /><testcase classname="tests.test_ann_auto_tune_candidates" name="test_pick_prefers_smallest_meeting_constraints" time="0.001" /><testcase classname="tests.test_ann_auto_tune_candidates" name="test_pick_fallback_to_largest_when_none_valid" time="0.001" /><testcase classname="tests.test_ann_auto_tune_candidates" name="test_pick_per_mode_uses_mode_columns" time="0.001" /><testcase classname="tests.test_ann_effectiveness" name="test_effectiveness_happy_path" time="0.001" /><testcase classname="tests.test_ann_effectiveness" name="test_effectiveness_no_mad" time="0.001" /><testcase classname="tests.test_ann_effectiveness" name="test_effectiveness_clamps_prune_ratio" time="0.002" /><testcase classname="tests.test_ann_effectiveness" name="test_effectiveness_quality_floor" time="0.001" /><testcase classname="tests.test_ann_effectiveness" name="test_effectiveness_missing_inputs" time="0.001" /><testcase classname="tests.test_ann_guard_helper" name="test_guard_triggers_and_falls_back" time="0.001" /><testcase classname="tests.test_ann_guard_helper" name="test_guard_noop_when_below_threshold" time="0.001" /><testcase classname="tests.test_ann_health_exporter_smoke" name="test_exporter_once_smoke" time="9.325" /><testcase classname="tests.test_analytics_depth_metrics" name="test_risk_agg_coverage_metrics" time="0.001"><skipped type="pytest.skip" message="risk_agg metrics gated off">C:\Users\Asus\Desktop\g6_reorganized\tests\test_analytics_depth_metrics.py:48: risk_agg metrics gated off</skipped></testcase><testcase classname="tests.test_ann_index_fallback" name="test_zscore_window_edge_cases" time="0.001" /><testcase classname="tests.test_anomaly_metrics" name="test_churn_metrics_progression" time="0.001" /><testcase classname="tests.test_assets_resolver" name="test_env_url_override" time="0.001" /><testcase classname="tests.test_assets_resolver" name="test_env_file_override" time="0.003" /><testcase classname="tests.test_assets_resolver" name="test_local_default_when_exists" time="0.014" /><testcase classname="tests.test_assets_resolver" name="test_pinned_cdn_fallback_default" time="0.011" /><testcase classname="tests.test_assets_resolver" name="test_pinned_cdn_fallback_with_version" time="0.011" /><testcase classname="tests.test_auto_calibrate_adaptive_target" name="test_adaptive_target_moves[under]" time="1.579" /><testcase classname="tests.test_adaptive_followups_extended" name="test_panels_followups_recent_integration" time="0.008" /><testcase classname="tests.test_auto_calibrate_adaptive_target" name="test_adaptive_state_insufficient_data" time="1.532" /><testcase classname="tests.test_auto_calibrate_adaptive_target" name="test_adaptive_target_moves[over]" time="1.565" /><testcase classname="tests.test_auto_calibrate_ema" name="test_apply_ema_sequence" time="0.001" /><testcase classname="tests.test_auto_calibrate_k_search" name="test_recommend_k_positive_for_higher_target" time="0.001" /><testcase classname="tests.test_auto_snapshots" name="test_auto_snapshots_updates_cache" time="0.015" /><testcase classname="tests.test_avg_price_fallback" name="test_avg_price_fallback[110.0-90.0-100.0-100.0]" time="0.003" /><testcase classname="tests.test_avg_price_fallback" name="test_avg_price_fallback[110.0-90.0-0.0-100.0]" time="0.002" /><testcase classname="tests.test_backpressure" name="test_backpressure_degraded_mode" time="0.002" /><testcase classname="tests.test_backpressure" name="test_backpressure_metrics" time="0.002" /><testcase classname="tests.test_bench_alert_rule_present" name="test_bench_p95_alert_rule_present" time="0.031" /><testcase classname="tests.test_bench_cycle_integration" name="test_benchmark_cycle_integration" time="0.008" /><testcase classname="tests.test_bench_p95_regression_alert_rule" name="test_bench_p95_regression_alert_present" time="0.069" /><testcase classname="tests.test_bench_threshold_gauge" name="test_bench_threshold_gauge" time="0.002" /><testcase classname="tests.test_benchmark_aggregate" name="test_bench_aggregate_basic" time="0.383" /><testcase classname="tests.test_benchmark_aggregate" name="test_bench_aggregate_with_index_breakdown" time="0.367" /><testcase classname="tests.test_auto_calibrate_k_search" name="test_recommend_k_zero_when_quantile_hits_target" time="0.001" /><testcase classname="tests.test_benchmark_anomaly" name="test_detect_anomalies_basic" time="0.001" /><testcase classname="tests.test_benchmark_anomaly" name="test_rolling_detect" time="0.001" /><testcase classname="tests.test_benchmark_anomaly" name="test_artifact_anomaly_annotation" time="1.623" /><testcase classname="tests.test_benchmark_aggregate_stats" name="test_aggregate_stats_and_markdown" time="0.400" /><testcase classname="tests.test_benchmark_bridge_unit" name="test_bridge_writes_artifact" time="0.013" /><testcase classname="tests.test_benchmark_bridge_unit" name="test_bridge_anomalies" time="0.084" /><testcase classname="tests.test_benchmark_digest" name="test_benchmark_artifact_has_digest_and_options" time="0.016" /><testcase classname="tests.test_benchmark_dump" name="test_benchmark_dump_creates_artifact" time="0.017" /><testcase classname="tests.test_benchmark_dump_retention" name="test_benchmark_dump_compress_and_retention" time="0.090" /><testcase classname="tests.test_benchmark_sanity" name="test_benchmark_sanity" time="1.760" /><testcase classname="tests.test_benchmark_anomaly" name="test_bench_report_smoke" time="1.716" /><testcase classname="tests.test_aggregation_overview" name="test_emit_overview_basic" time="0.001" /><testcase classname="tests.test_advisor_metrics_text" name="test_metrics_text_contains_advisor_gauges" time="6.204" /><testcase classname="tests.test_build_info_auto" name="test_compute_config_hash_stable" time="0.003" /><testcase classname="tests.test_build_info_auto" name="test_compute_git_commit_env_override" time="0.002" /><testcase classname="tests.test_build_info_auto" name="test_gather_build_info_tuple" time="0.002" /><testcase classname="tests.test_build_info_auto" name="test_auto_register_build_info_integration" time="0.024" /><testcase classname="tests.test_build_info_metric" name="test_build_info_registration_idempotent" time="0.023" /><testcase classname="tests.test_build_info_metric" name="test_build_info_defaults_unknown_on_missing_values" time="0.021" /><testcase classname="tests.test_build_info_metric" name="test_build_info_partial_values_fill_unknown" time="0.025" /><testcase classname="tests.test_build_info_metric" name="test_build_info_re_registration_updates_labels" time="0.020" /><testcase classname="tests.test_build_info_metric" name="test_register_build_info_safe_when_metrics_missing" time="0.002" /><testcase classname="tests.test_cache_fuzz.TestCacheFuzz" name="test_cache_random_keys" time="0.002" /><testcase classname="tests.test_cache_fuzz.TestCacheFuzz" name="test_cache_extreme_key_lengths" time="0.001" /><testcase classname="tests.test_cache_fuzz.TestCacheFuzz" name="test_cache_special_characters" time="0.001" /><testcase classname="tests.test_cache_fuzz.TestCacheFuzz" name="test_cache_concurrent_access" time="0.003" /><testcase classname="tests.test_cache_fuzz.TestCacheFuzz" name="test_enhanced_cache_mtime_invalidation_fuzz" time="0.000"><skipped type="pytest.skip" message="EnhancedFileCache API uses specific methods (json_cached, csv_cached) not generic get_or_compute">C:\Users\Asus\Desktop\g6_reorganized\tests\test_cache_fuzz.py:140: EnhancedFileCache API uses specific methods (json_cached, csv_cached) not generic get_or_compute</skipped></testcase><testcase classname="tests.test_cache_fuzz.TestCacheFuzz" name="test_enhanced_cache_size_limits" time="0.000"><skipped type="pytest.skip" message="EnhancedFileCache uses separate caches (_stat_cache, _json_cache, etc) not a single _cache dict">C:\Users\Asus\Desktop\g6_reorganized\tests\test_cache_fuzz.py:167: EnhancedFileCache uses separate caches (_stat_cache, _json_cache, etc) not a single _cache dict</skipped></testcase><testcase classname="tests.test_cache_fuzz.TestCacheFuzz" name="test_cache_extreme_value_sizes" time="0.008" /><testcase classname="tests.test_cache_fuzz.TestCacheFuzz" name="test_cache_rapid_insertions" time="0.008" /><testcase classname="tests.test_cache_fuzz.TestCacheFuzz" name="test_serialization_basic_fuzz" time="0.002" /><testcase classname="tests.test_cache_fuzz.TestCacheFuzz" name="test_root_cache_fuzz" time="0.003" /><testcase classname="tests.test_cache_fuzz.TestCacheFuzz" name="test_cache_null_and_edge_values" time="0.001" /><testcase classname="tests.test_cache_fuzz.TestCacheFuzz" name="test_cache_key_collision_resistance" time="0.001" /><testcase classname="tests.test_cache_fuzz.TestCacheFuzz" name="test_cache_performance_degradation" time="0.005" /><testcase classname="tests.test_cache_integration" name="test_stat_cache_invalidation_on_file_modification" time="0.014" /><testcase classname="tests.test_cache_integration" name="test_json_cache_invalidation_on_content_change" time="0.016" /><testcase classname="tests.test_cache_integration" name="test_exists_cache_invalidation_on_deletion" time="0.003" /><testcase classname="tests.test_cache_integration" name="test_json_cache_with_nested_structures" time="0.004" /><testcase classname="tests.test_cache_integration" name="test_stat_cache_with_nonexistent_file" time="0.002" /><testcase classname="tests.test_cache_integration" name="test_lru_eviction_stat_cache" time="0.012" /><testcase classname="tests.test_cache_integration" name="test_lru_eviction_json_cache" time="0.043" /><testcase classname="tests.test_cache_integration" name="test_lru_eviction_preserves_recent_entries" time="0.011" /><testcase classname="tests.test_cache_integration" name="test_eviction_statistics_accuracy" time="0.016" /><testcase classname="tests.test_cache_integration" name="test_mixed_cache_types_independent_eviction" time="0.033" /><testcase classname="tests.test_cache_integration" name="test_concurrent_stat_cached_reads" time="0.004" /><testcase classname="tests.test_cache_integration" name="test_concurrent_json_cached_with_modifications" time="0.065" /><testcase classname="tests.test_cache_integration" name="test_thread_safety_no_race_conditions" time="0.019" /><testcase classname="tests.test_cache_integration" name="test_concurrent_cache_clear" time="0.473" /><testcase classname="tests.storage.test_csv_sink_helpers" name="test_reorder_time_columns_moves_to_end_for_new_file" time="0.005" /><testcase classname="tests.test_cache_integration" name="test_statistics_per_cache_type" time="0.007" /><testcase classname="tests.storage.test_csv_sink_helpers" name="test_reorder_time_columns_keeps_existing_schema" time="0.005" /><testcase classname="tests.test_cache_integration" name="test_statistics_after_eviction" time="0.013" /><testcase classname="tests.test_cache_integration" name="test_get_stats_comprehensive" time="0.006" /><testcase classname="tests.test_cache_integration" name="test_json_parsing_speedup" time="0.019" /><testcase classname="tests.test_cache_integration" name="test_stat_performance_improvement" time="0.004" /><testcase classname="tests.test_cache_integration" name="test_cache_overhead_acceptable" time="0.006" /><testcase classname="tests.test_benchmark_verify" name="test_verify_ok_and_mismatch" time="0.814" /><testcase classname="tests.test_cache_integration" name="test_json_cache_with_invalid_json" time="0.004" /><testcase classname="tests.test_cache_integration" name="test_repeated_access_performance" time="0.071" /><testcase classname="tests.test_cache_integration" name="test_stat_cache_with_permission_error" time="0.003" /><testcase classname="tests.test_cache_integration" name="test_multiple_file_modifications_sequential" time="0.130" /><testcase classname="tests.test_cache_integration" name="test_cache_clear_resets_all_state" time="0.005" /><testcase classname="tests.test_cadence" name="test_unified_overrides_both" time="0.002" /><testcase classname="tests.test_cadence" name="test_per_knob_override" time="0.002" /><testcase classname="tests.test_cadence" name="test_invalid_unified_uses_default" time="0.002" /><testcase classname="tests.test_cardinality_detail_modes" name="test_detail_mode_aggregate_blocks_all" time="0.019" /><testcase classname="tests.test_cardinality_detail_modes" name="test_detail_mode_band_window" time="0.019" /><testcase classname="tests.test_cardinality_detail_modes" name="test_detail_mode_full_no_extra_gating" time="0.018" /><testcase classname="tests.test_cadence" name="test_default_15s" time="0.002" /><testcase classname="tests.test_cardinality_guard" name="test_cardinality_guard_reenable" time="0.020" /><testcase classname="tests.test_cardinality_guard" name="test_cardinality_guard_disable" time="0.017" /><testcase classname="tests.test_cardinality_guard" name="test_sla_breach_counter" time="0.028" /><testcase classname="tests.test_cardinality_guard_metrics" name="test_cardinality_guard_emits_metrics" time="0.013" /><testcase classname="tests.test_catalog_emission" name="test_build_catalog_missing_status" time="0.034" /><testcase classname="tests.test_catalog_emission" name="test_build_catalog_basic" time="0.061" /><testcase classname="tests.test_catalog_enrichment" name="test_catalog_enrichment_events_and_rows" time="0.048" /><testcase classname="tests.test_catalog_enrichment" name="test_catalog_enrichment_without_events" time="0.031" /><testcase classname="tests.test_catalog_index_summary" name="test_catalog_index_summary" time="0.057" /><testcase classname="tests.test_cache_integration" name="test_hit_rate_calculation_accuracy" time="0.003" /><testcase classname="tests.test_cb_retry_provider_smoke" name="test_cb_opens_on_persistent_failure" time="0.002" /><testcase classname="tests.test_ci_gate" name="test_evaluate_pass" time="0.001" /><testcase classname="tests.test_ci_gate" name="test_evaluate_fail_parity" time="0.001" /><testcase classname="tests.test_ci_gate" name="test_evaluate_fail_fatal" time="0.001" /><testcase classname="tests.test_ci_gate" name="test_evaluate_missing_metrics_allow" time="0.001" /><testcase classname="tests.test_catalog_integrity_http" name="test_integrity_summary_and_http" time="0.326" /><testcase classname="tests.test_ci_gate" name="test_cli_pass" time="0.404" /><testcase classname="tests.test_cb_retry_provider_smoke" name="test_cb_retry_success_avoids_trip" time="3.518" /><testcase classname="tests.test_ci_gate" name="test_cli_fail" time="0.395" /><testcase classname="tests.test_bootstrap_phase_metrics" name="test_bootstrap_phase_recorded" time="0.002" /><testcase classname="tests.test_collector_basic_filters" name="test_min_oi_alias_property" time="0.002" /><testcase classname="tests.test_collector_fuzz.TestCollectorValidationFuzz" name="test_validation_with_random_strike_patterns" time="0.001" /><testcase classname="tests.test_collector_fuzz.TestCollectorValidationFuzz" name="test_validation_with_extreme_option_values" time="0.002" /><testcase classname="tests.test_collector_fuzz.TestCollectorValidationFuzz" name="test_validation_missing_optional_fields" time="0.001" /><testcase classname="tests.storage.test_csv_sink_helpers" name="test_preopen_quarantine_basic" time="0.006" /><testcase classname="tests.test_collector_fuzz.TestCollectorValidationFuzz" name="test_validation_bid_ask_spread_anomalies" time="0.001" /><testcase classname="tests.test_collector_fuzz.TestCollectorValidationFuzz" name="test_validation_with_null_and_none_values" time="0.001" /><testcase classname="tests.test_collector_fuzz.TestCollectorDataQualityFuzz" name="test_quality_check_with_random_missing_data" time="0.002" /><testcase classname="tests.test_collector_fuzz.TestCollectorDataQualityFuzz" name="test_quality_check_with_stale_timestamps" time="0.002" /><testcase classname="tests.test_collector_fuzz.TestCollectorDataQualityFuzz" name="test_quality_check_with_inconsistent_data" time="0.001" /><testcase classname="tests.test_collector_fuzz.TestCollectorPrefilterFuzz" name="test_prefilter_with_random_volume_thresholds" time="0.002" /><testcase classname="tests.test_collector_fuzz.TestCollectorPrefilterFuzz" name="test_prefilter_with_random_oi_thresholds" time="0.001" /><testcase classname="tests.test_collector_fuzz.TestCollectorPrefilterFuzz" name="test_prefilter_combined_criteria" time="0.002" /><testcase classname="tests.test_collector_fuzz.TestCollectorConcurrency" name="test_concurrent_index_collection" time="0.101" /><testcase classname="tests.test_collector_fuzz.TestCollectorConcurrency" name="test_concurrent_expiry_processing" time="0.029" /><testcase classname="tests.test_cli_validate_status_optional" name="test_dev_tools_validate_status" time="0.000"><skipped type="pytest.skip" message="Set G6_ENABLE_OPTIONAL_TESTS=1 to run optional tests">C:\Users\Asus\Desktop\g6_reorganized\tests\test_cli_validate_status_optional.py:18: Set G6_ENABLE_OPTIONAL_TESTS=1 to run optional tests</skipped></testcase><testcase classname="tests.test_collector_fuzz.TestCollectorErrorHandling" name="test_broker_api_error_simulation" time="0.001" /><testcase classname="tests.test_collector_fuzz.TestCollectorPerformance" name="test_large_option_chain_processing" time="0.003" /><testcase classname="tests.test_collector_fuzz.TestCollectorPerformance" name="test_rapid_cycle_iterations" time="0.001" /><testcase classname="tests.test_collector_fuzz.TestCollectorEdgeCases" name="test_empty_broker_response" time="0.001" /><testcase classname="tests.test_collector_fuzz.TestCollectorEdgeCases" name="test_malformed_option_data" time="0.001" /><testcase classname="tests.test_collector_fuzz.TestCollectorEdgeCases" name="test_extreme_market_conditions" time="0.001" /><testcase classname="tests.test_collector_settings" name="test_collector_settings_defaults" time="0.003" /><testcase classname="tests.test_collector_settings" name="test_collector_settings_parsing" time="0.001" /><testcase classname="tests.test_collector_settings_filters" name="test_basic_filters_min_volume_and_oi" time="0.003" /><testcase classname="tests.test_collector_fuzz.TestCollectorErrorHandling" name="test_partial_data_recovery" time="0.002" /><testcase classname="tests.test_collector_settings_filters" name="test_basic_filters_zero_thresholds" time="0.002" /><testcase classname="tests.test_collector_settings_flags" name="test_removed_synthetic_flag_absent" time="0.002" /><testcase classname="tests.test_collector_settings_flags" name="test_salvage_flag_priority" time="0.002" /><testcase classname="tests.test_collector_settings_flags" name="test_recovery_strategy_legacy_flag" time="0.001" /><testcase classname="tests.test_collector_settings_flags" name="test_outage_threshold_and_log_every_defaults_and_overrides" time="0.001" /><testcase classname="tests.test_collector_settings_flags" name="test_heartbeat_interval_parse" time="0.001" /><testcase classname="tests.test_collector_settings_human_summary" name="test_human_readable_summary_once" time="0.002" /><testcase classname="tests.test_collector_settings_immutability" name="test_settings_singleton_reload_stable" time="0.001" /><testcase classname="tests.test_collector_settings_summary_log" name="test_settings_summary_one_shot" time="0.002" /><testcase classname="tests.test_collectors_coverage_helpers.TestCoverageMetrics" name="test_coverage_metrics_full_coverage" time="0.002" /><testcase classname="tests.test_collectors_coverage_helpers.TestCoverageMetrics" name="test_coverage_metrics_low_coverage_warning" time="0.003" /><testcase classname="tests.test_collectors_coverage_helpers.TestCoverageMetrics" name="test_coverage_metrics_partial_coverage" time="0.002" /><testcase classname="tests.test_collectors_coverage_helpers.TestCoverageMetrics" name="test_coverage_metrics_suppressed_warning" time="0.002" /><testcase classname="tests.test_collectors_coverage_helpers.TestCoverageMetrics" name="test_coverage_metrics_high_coverage_debug" time="0.003" /><testcase classname="tests.test_collectors_coverage_helpers.TestCoverageMetrics" name="test_coverage_metrics_empty_instruments" time="0.002" /><testcase classname="tests.test_collectors_coverage_helpers.TestCoverageMetrics" name="test_coverage_metrics_empty_strikes" time="0.002" /><testcase classname="tests.test_collectors_coverage_helpers.TestCoverageMetrics" name="test_coverage_metrics_invalid_strike_ignored" time="0.001" /><testcase classname="tests.test_collectors_coverage_helpers.TestCoverageMetrics" name="test_coverage_metrics_no_metrics_attr" time="0.002" /><testcase classname="tests.test_collectors_coverage_helpers.TestCoverageMetrics" name="test_coverage_metrics_metric_emission_failure" time="0.003" /><testcase classname="tests.test_collectors_coverage_helpers.TestFieldCoverageMetrics" name="test_field_coverage_metrics_full_coverage" time="0.001" /><testcase classname="tests.test_collectors_coverage_helpers.TestFieldCoverageMetrics" name="test_field_coverage_metrics_missing_oi" time="0.002" /><testcase classname="tests.test_collectors_coverage_helpers.TestFieldCoverageMetrics" name="test_field_coverage_metrics_missing_volume" time="0.002" /><testcase classname="tests.test_collectors_coverage_helpers.TestFieldCoverageMetrics" name="test_field_coverage_metrics_missing_avg_price" time="0.002" /><testcase classname="tests.test_collectors_coverage_helpers.TestFieldCoverageMetrics" name="test_field_coverage_metrics_multiple_missing" time="0.002" /><testcase classname="tests.test_collectors_coverage_helpers.TestFieldCoverageMetrics" name="test_field_coverage_metrics_low_coverage_warning" time="0.003" /><testcase classname="tests.test_collectors_coverage_helpers.TestFieldCoverageMetrics" name="test_field_coverage_metrics_suppressed_warning" time="0.002" /><testcase classname="tests.test_collectors_coverage_helpers.TestFieldCoverageMetrics" name="test_field_coverage_metrics_empty_data" time="0.001" /><testcase classname="tests.test_collectors_coverage_helpers.TestFieldCoverageMetrics" name="test_field_coverage_metrics_non_dict_entries" time="0.001" /><testcase classname="tests.test_collectors_coverage_helpers.TestFieldCoverageMetrics" name="test_field_coverage_metrics_no_metrics_attr" time="0.001" /><testcase classname="tests.test_collectors_coverage_helpers.TestFieldCoverageMetrics" name="test_field_coverage_metrics_metric_emission_failure" time="0.003" /><testcase classname="tests.test_collectors_coverage_helpers.TestFieldCoverageMetrics" name="test_field_coverage_metrics_partial_coverage" time="0.002" /><testcase classname="tests.test_collectors_persist_helpers.TestPersistAndMetrics" name="test_persist_and_metrics_success" time="0.004" /><testcase classname="tests.test_collectors_persist_helpers.TestPersistAndMetrics" name="test_persist_and_metrics_csv_write_error" time="0.003" /><testcase classname="tests.test_collectors_persist_helpers.TestPersistAndMetrics" name="test_persist_and_metrics_influx_error" time="0.003" /><testcase classname="tests.test_collectors_persist_helpers.TestPersistAndMetrics" name="test_persist_and_metrics_oserror_handling" time="0.004" /><testcase classname="tests.test_collectors_persist_helpers.TestPersistAndMetrics" name="test_persist_and_metrics_no_influx_sink" time="0.002" /><testcase classname="tests.test_collectors_persist_helpers.TestPersistAndMetrics" name="test_persist_and_metrics_no_metrics" time="0.003" /><testcase classname="tests.test_collectors_persist_helpers.TestPersistAndMetrics" name="test_persist_and_metrics_pcr_calculation" time="0.003" /><testcase classname="tests.test_collectors_persist_helpers.TestPersistAndMetrics" name="test_persist_and_metrics_pcr_zero_call_oi" time="0.003" /><testcase classname="tests.test_collector_fuzz.TestCollectorErrorHandling" name="test_broker_response_timeout_simulation" time="0.001" /><testcase classname="tests.test_collectors_persist_helpers.TestPersistAndMetrics" name="test_persist_and_metrics_per_option_metrics_disabled" time="0.002" /><testcase classname="tests.test_collectors_persist_helpers.TestPersistAndMetrics" name="test_persist_and_metrics_greek_metrics" time="0.005" /><testcase classname="tests.test_collectors_persist_helpers.TestPersistAndMetrics" name="test_persist_and_metrics_per_option_metrics_enabled" time="0.005" /><testcase classname="tests.test_collectors_persist_helpers.TestPersistAndMetrics" name="test_persist_and_metrics_missing_greeks" time="0.003" /><testcase classname="tests.test_collectors_persist_helpers.TestPersistAndMetrics" name="test_persist_and_metrics_invalid_strike" time="0.004" /><testcase classname="tests.test_collectors_persist_helpers.TestPersistAndMetrics" name="test_persist_and_metrics_type_field_variations" time="0.004" /><testcase classname="tests.test_collectors_persist_helpers.TestPersistAndMetrics" name="test_persist_and_metrics_invalid_type" time="0.004" /><testcase classname="tests.test_cache_integration" name="test_concurrent_performance_no_severe_contention" time="0.005" /><testcase classname="tests.test_collectors_persist_helpers.TestPersistWithContext" name="test_persist_with_context_basic" time="0.002" /><testcase classname="tests.test_collectors_persist_helpers.TestPersistAndMetrics" name="test_persist_and_metrics_empty_data" time="0.003" /><testcase classname="tests.test_collectors_persist_helpers.TestPersistWithContext" name="test_persist_with_context_full_scenario" time="0.003" /><testcase classname="tests.test_column_store_pipeline" name="test_cs_basic_ingest_and_latency" time="0.013" /><testcase classname="tests.test_column_store_pipeline" name="test_cs_failure_path" time="0.004" /><testcase classname="tests.test_column_store_pipeline" name="test_cs_backpressure_toggle" time="0.002" /><testcase classname="tests.test_common_numeric" name="test_safe_int_basic" time="0.001" /><testcase classname="tests.test_common_numeric" name="test_safe_float_bounds" time="0.001" /><testcase classname="tests.test_common_numeric" name="test_safe_float_basic" time="0.001" /><testcase classname="tests.test_common_numeric" name="test_env_flag_truthy_and_falsey" time="0.001" /><testcase classname="tests.test_common_numeric" name="test_clamp" time="0.001" /><testcase classname="tests.test_composite_path_forecast" name="test_alpha_clamped_low_high" time="0.004" /><testcase classname="tests.test_composite_path_forecast" name="test_ann_space_fallback" time="0.004" /><testcase classname="tests.test_composite_prior_pruning" name="test_prior_pruning_min_hist_rows" time="0.003" /><testcase classname="tests.test_config_deprecations" name="test_no_deprecated_flags_no_warnings" time="0.002" /><testcase classname="tests.test_common_numeric" name="test_safe_int_bounds" time="0.001" /><testcase classname="tests.test_composite_prior_pruning" name="test_prior_pruning_max_time_gap_ratio" time="0.003" /><testcase classname="tests.test_composite_prior_regression" name="test_composite_prior_blend" time="0.003" /><testcase classname="tests.test_config_deprecations" name="test_suppress_warnings" time="0.001" /><testcase classname="tests.test_config_deprecations" name="test_deprecated_flag_emits_warning" time="0.002" /><testcase classname="tests.test_config_deprecations" name="test_multiple_deprecated_flags" time="0.002" /><testcase classname="tests.test_config_deprecations" name="test_get_flag_status" time="0.002" /><testcase classname="tests.test_config_doc_coverage" name="test_all_config_keys_are_documented" time="1.515" /><testcase classname="tests.test_config_deprecations" name="test_sse_enabled_deprecation_message" time="0.001" /><testcase classname="tests.test_config_deprecations" name="test_all_deprecated_flags_covered" time="0.001" /><testcase classname="tests.test_config_schema_doc_sync" name="test_config_schema_keys_documented" time="0.002" /><testcase classname="tests.test_config_validation" name="test_valid_config_passes" time="0.021" /><testcase classname="tests.test_config_modularization" name="test_modular_vs_legacy_equivalence_basic" time="0.002" /><testcase classname="tests.test_config_validation" name="test_invalid_index_symbol_rejected" time="0.019" /><testcase classname="tests.test_config_validation" name="test_deprecated_keys_metric_increment" time="0.012" /><testcase classname="tests.test_coverage_core" name="test_coverage_core_empty" time="0.001" /><testcase classname="tests.test_config_validation" name="test_soft_legacy_mode_allows_deprecated" time="0.012" /><testcase classname="tests.test_coverage_core" name="test_coverage_core_basic" time="0.002" /><testcase classname="tests.test_coverage_hotspots" name="test_parse_and_ranking" time="0.007" /><testcase classname="tests.test_coverage_hotspots" name="test_baseline_json_delta" time="0.022" /><testcase classname="tests.test_coverage_hotspots" name="test_cli_json_output" time="0.006" /><testcase classname="tests.test_coverage_hotspots" name="test_baseline_table_delta" time="0.009" /><testcase classname="tests.test_csv_cache_unit" name="test_read_json_cached_updates_on_mtime" time="1.113" /><testcase classname="tests.test_csv_cache_unit" name="test_get_last_row_csv_updates_on_mtime" time="1.106" /><testcase classname="tests.test_coverage_hotspots" name="test_size_filters" time="0.005" /><testcase classname="tests.test_csv_health_adv" name="test_health_config_validation" time="0.014" /><testcase classname="tests.test_csv_health_adv" name="test_health_disk_threshold_violation" time="0.004" /><testcase classname="tests.test_csv_health_adv" name="test_health_stale_locks_detection" time="0.005" /><testcase classname="tests.test_csv_health_adv" name="test_health_invalid_config" time="0.004" /><testcase classname="tests.test_csv_junk_filter" name="test_junk_filter_skips_low_oi_and_volume" time="0.012" /><testcase classname="tests.test_csv_junk_filter" name="test_junk_filter_disabled_when_thresholds_zero" time="0.008" /><testcase classname="tests.test_csv_junk_filter" name="test_junk_filter_stale_skip" time="0.012" /><testcase classname="tests.test_csv_junk_filter" name="test_junk_filter_whitelist_bypass" time="0.003" /><testcase classname="tests.test_csv_junk_filter" name="test_junk_filter_whitelist_variants" time="0.012" /><testcase classname="tests.test_collector_basic_filters" name="test_basic_filters_no_threshold" time="0.002" /><testcase classname="tests.test_csv_junk_filter" name="test_junk_filter_per_leg_thresholds" time="0.010" /><testcase classname="tests.test_csv_junk_filter" name="test_junk_filter_summary_emission" time="1.108" /><testcase classname="tests.test_csv_sink.TestCsvSinkInit" name="test_init_with_default_base_dir" time="0.002" /><testcase classname="tests.test_csv_sink.TestCsvSinkInit" name="test_init_creates_base_directory" time="0.002" /><testcase classname="tests.test_csv_sink.TestCsvSinkInit" name="test_init_concise_mode_disabled" time="0.003" /><testcase classname="tests.test_csv_sink.TestCsvSinkInit" name="test_init_concise_mode_enabled" time="0.005" /><testcase classname="tests.test_csv_sink.TestCsvSinkInit" name="test_init_verbose_mode_disabled" time="0.005" /><testcase classname="tests.test_csv_sink.TestCsvSinkInit" name="test_init_batch_flush_threshold" time="0.005" /><testcase classname="tests.test_csv_sink.TestCsvSinkInit" name="test_init_batch_flush_threshold_invalid" time="0.005" /><testcase classname="tests.test_csv_sink.TestCsvSinkInit" name="test_init_with_custom_writer" time="0.002" /><testcase classname="tests.test_csv_sink.TestCsvSinkInit" name="test_init_with_custom_metrics_tracker" time="0.002" /><testcase classname="tests.test_csv_sink.TestCsvSinkInit" name="test_init_initializes_batch_state" time="0.002" /><testcase classname="tests.test_csv_sink.TestCsvSinkMetrics" name="test_attach_metrics" time="0.002" /><testcase classname="tests.test_csv_sink.TestCsvSinkMetrics" name="test_metric_inc_without_metrics" time="0.002" /><testcase classname="tests.test_csv_sink.TestCsvSinkMetrics" name="test_metric_inc_with_metrics" time="0.002" /><testcase classname="tests.test_csv_sink.TestCsvSinkMetrics" name="test_metric_inc_with_nonexistent_metric" time="0.002" /><testcase classname="tests.test_csv_sink.TestCsvSinkMetrics" name="test_metric_set_without_metrics" time="0.002" /><testcase classname="tests.test_csv_sink.TestCsvSinkMetrics" name="test_metric_set_with_metrics" time="0.002" /><testcase classname="tests.test_csv_sink.TestCsvSinkExpiryCode" name="test_determine_expiry_code_this_week" time="0.002" /><testcase classname="tests.test_csv_sink.TestCsvSinkExpiryCode" name="test_determine_expiry_code_next_week" time="0.002" /><testcase classname="tests.test_csv_sink.TestCsvSinkExpiryCode" name="test_determine_expiry_code_this_month" time="0.002" /><testcase classname="tests.test_csv_sink.TestCsvSinkExpiryCode" name="test_determine_expiry_code_uses_today_default" time="0.002" /><testcase classname="tests.test_csv_sink.TestCsvSinkUtilities" name="test_clean_for_json_with_dict" time="0.002" /><testcase classname="tests.test_csv_sink.TestCsvSinkUtilities" name="test_clean_for_json_with_list" time="0.002" /><testcase classname="tests.test_csv_sink.TestCsvSinkUtilities" name="test_clean_for_json_with_datetime" time="0.002" /><testcase classname="tests.test_csv_sink.TestCsvSinkUtilities" name="test_clean_for_json_with_nested_structure" time="0.002" /><testcase classname="tests.test_csv_sink.TestCsvSinkUtilities" name="test_compute_atm_strike_nifty" time="0.002" /><testcase classname="tests.test_csv_sink.TestCsvSinkUtilities" name="test_compute_atm_strike_banknifty" time="0.002" /><testcase classname="tests.test_csv_sink.TestCsvSinkUtilities" name="test_compute_atm_strike_finnifty" time="0.001" /><testcase classname="tests.test_csv_sink.TestCsvSinkUtilities" name="test_group_by_strike_basic" time="0.001" /><testcase classname="tests.test_csv_sink.TestCsvSinkUtilities" name="test_group_by_strike_empty_data" time="0.001" /><testcase classname="tests.test_csv_sink.TestCsvSinkUtilities" name="test_max_mtime_with_both_values" time="0.001" /><testcase classname="tests.test_csv_sink.TestCsvSinkUtilities" name="test_max_mtime_with_none_current" time="0.001" /><testcase classname="tests.test_csv_sink.TestCsvSinkUtilities" name="test_max_mtime_with_smaller_new_value" time="0.003" /><testcase classname="tests.test_csv_sink.TestCsvSinkHealthCheck" name="test_check_health_basic" time="0.002" /><testcase classname="tests.test_csv_sink.TestCsvSinkHealthCheck" name="test_validate_config_returns_dict" time="0.002" /><testcase classname="tests.test_csv_sink.TestCsvSinkBatching" name="test_maybe_flush_batch_disabled" time="0.001" /><testcase classname="tests.test_csv_sink.TestCsvSinkBatching" name="test_batch_threshold_from_env" time="0.003" /><testcase classname="tests.test_csv_sink.TestCsvSinkReadOperations" name="test_read_option_data_with_nonexistent_file" time="0.002" /><testcase classname="tests.test_csv_sink.TestCsvSinkWriteBasic" name="test_write_options_data_basic_flow" time="0.005" /><testcase classname="tests.test_csv_sink.TestCsvSinkWriteBasic" name="test_write_options_data_missing_index" time="0.004" /><testcase classname="tests.test_csv_sink.TestCsvSinkWriteBasic" name="test_write_options_data_none_options_data" time="0.002" /><testcase classname="tests.test_csv_sink.TestCsvSinkWriteBasic" name="test_write_options_data_empty_options_data" time="0.004" /><testcase classname="tests.test_csv_sink.TestCsvSinkWriteBasic" name="test_write_options_data_concise_mode" time="0.002" /><testcase classname="tests.test_csv_sink.TestCsvSinkWriteBasic" name="test_write_options_data_verbose_mode" time="0.002" /><testcase classname="tests.test_csv_sink.TestCsvSinkWriteBasic" name="test_write_options_data_with_return_metrics" time="0.004" /><testcase classname="tests.test_csv_sink.TestCsvSinkWriteBasic" name="test_write_options_data_metrics_emission" time="0.005" /><testcase classname="tests.test_csv_sink.TestCsvSinkRowPreparation" name="test_prepare_option_row_basic" time="0.002" /><testcase classname="tests.test_csv_sink.TestCsvSinkRowPreparation" name="test_prepare_option_row_with_none_call_data" time="0.002" /><testcase classname="tests.test_csv_sink.TestCsvSinkRowPreparation" name="test_prepare_option_row_with_none_put_data" time="0.002" /><testcase classname="tests.test_csv_sink.TestCsvSinkRowPreparation" name="test_prepare_option_row_pcr_calculation" time="0.002" /><testcase classname="tests.test_csv_sink.TestCsvSinkRowPreparation" name="test_prepare_option_row_pcr_with_zero_ce_oi" time="0.002" /><testcase classname="tests.test_csv_sink.TestCsvSinkRowPreparation" name="test_prepare_option_row_greeks_extraction" time="0.002" /><testcase classname="tests.test_csv_sink.TestCsvSinkRowPreparation" name="test_prepare_option_row_invalid_numeric_values" time="0.002" /><testcase classname="tests.test_csv_sink.TestCsvSinkFileIO" name="test_append_csv_row_creates_file" time="0.013" /><testcase classname="tests.test_csv_sink.TestCsvSinkFileIO" name="test_append_csv_row_appends_to_existing" time="0.012" /><testcase classname="tests.test_csv_sink.TestCsvSinkFileIO" name="test_append_csv_row_with_csv_writer" time="0.002" /><testcase classname="tests.test_csv_sink.TestCsvSinkFileIO" name="test_append_csv_row_handles_write_error_gracefully" time="0.010" /><testcase classname="tests.test_csv_sink.TestCsvSinkExpiryResolution" name="test_resolve_expiry_context_with_date_object" time="0.002" /><testcase classname="tests.test_csv_sink.TestCsvSinkExpiryResolution" name="test_resolve_expiry_context_with_date_string" time="0.002" /><testcase classname="tests.test_csv_sink.TestCsvSinkExpiryResolution" name="test_resolve_expiry_context_raw_date_tag_fallback" time="0.001" /><testcase classname="tests.test_csv_sink.TestCsvSinkExpiryResolution" name="test_resolve_expiry_context_no_tag_uses_heuristic" time="0.001" /><testcase classname="tests.test_csv_sink.TestCsvSinkExpiryResolution" name="test_resolve_expiry_context_invalid_date_fallback" time="0.002" /><testcase classname="tests.test_csv_sink.TestCsvSinkReadOperationsExtended" name="test_read_option_data_basic" time="0.002" /><testcase classname="tests.test_csv_sink.TestCsvSinkStrikeProcessing" name="test_process_strikes_basic_flow" time="0.004" /><testcase classname="tests.test_csv_sink.TestCsvSinkStrikeProcessing" name="test_process_strikes_empty_strike_data" time="0.002" /><testcase classname="tests.test_csv_sink.TestCsvSinkValidation" name="test_validate_schema_basic" time="0.002" /><testcase classname="tests.test_csv_sink.TestCsvSinkValidation" name="test_validate_schema_invalid_strike" time="0.002" /><testcase classname="tests.test_csv_sink.TestCsvSinkValidation" name="test_validate_schema_missing_instrument_type" time="0.002" /><testcase classname="tests.test_csv_sink.TestCsvSinkZeroRowHandling" name="test_handle_zero_row_all_zeros" time="0.001" /><testcase classname="tests.test_csv_sink.TestCsvSinkZeroRowHandling" name="test_handle_zero_row_non_zero" time="0.001" /><testcase classname="tests.test_csv_sink.TestCsvSinkZeroRowHandling" name="test_handle_zero_row_mixed" time="0.001" /><testcase classname="tests.test_csv_sink.TestCsvSinkZeroRowHandling" name="test_handle_zero_row_with_skip_enabled" time="0.001" /><testcase classname="tests.test_csv_sink.TestCsvSinkBatchBuffering" name="test_maybe_flush_batch_immediate_mode" time="0.001" /><testcase classname="tests.test_csv_sink.TestCsvSinkBatchBuffering" name="test_maybe_flush_batch_with_force_flag" time="0.001" /><testcase classname="tests.test_csv_sink.TestCsvSinkBatchBuffering" name="test_maybe_flush_batch_with_batcher" time="0.002" /><testcase classname="tests.test_csv_sink.TestCsvSinkFileOperationsIntegration" name="test_append_csv_row_creates_directory" time="0.004" /><testcase classname="tests.test_csv_sink.TestCsvSinkFileOperationsIntegration" name="test_multiple_appends_no_duplicate_header" time="0.005" /><testcase classname="tests.test_csv_sink.TestCsvSinkReadPathIntegration" name="test_read_option_data_from_real_file" time="0.003" /><testcase classname="tests.test_csv_sink.TestCsvSinkMetricsIntegration" name="test_metrics_emitted_during_write" time="0.003" /><testcase classname="tests.test_csv_sink.TestCsvSinkAdvancedScenarios" name="test_write_multiple_offsets_creates_structure" time="0.005" /><testcase classname="tests.test_csv_sink.TestCsvSinkAdvancedScenarios" name="test_concurrent_write_safety" time="0.016" /><testcase classname="tests.test_cycle.TestCycleConfigLoading" name="test_load_cycle_config_defaults" time="0.001" /><testcase classname="tests.test_cycle.TestCycleConfigLoading" name="test_load_cycle_config_with_env_vars" time="0.001" /><testcase classname="tests.test_cycle.TestCycleConfigLoading" name="test_load_cycle_config_clamping" time="0.001" /><testcase classname="tests.test_cycle.TestProviderReadinessCheck" name="test_provider_readiness_with_none_provider" time="0.001" /><testcase classname="tests.test_cycle.TestProviderReadinessCheck" name="test_provider_readiness_with_valid_provider" time="0.001" /><testcase classname="tests.test_cycle.TestProviderReadinessCheck" name="test_provider_readiness_not_ready" time="0.002" /><testcase classname="tests.test_cycle.TestMissingCyclesDetection" name="test_check_missing_cycles_first_run" time="0.001" /><testcase classname="tests.test_cycle.TestMissingCyclesDetection" name="test_check_missing_cycles_within_interval" time="0.001" /><testcase classname="tests.test_cycle.TestMissingCyclesDetection" name="test_check_missing_cycles_exceeded_interval" time="0.001" /><testcase classname="tests.test_cycle.TestCollectSingleIndex" name="test_collect_single_index_basic" time="0.004" /><testcase classname="tests.test_cycle.TestCollectSingleIndex" name="test_collect_single_index_with_greeks" time="0.005" /><testcase classname="tests.test_cycle.TestCollectSingleIndex" name="test_collect_single_index_no_unified_collectors" time="0.004" /><testcase classname="tests.test_cycle.TestRunCycleBasic" name="test_run_cycle_no_index_params" time="0.001" /><testcase classname="tests.test_cycle.TestRunCycleBasic" name="test_run_cycle_empty_index_params" time="0.008" /><testcase classname="tests.test_cycle.TestRunCycleBasic" name="test_run_cycle_single_index" time="0.008" /><testcase classname="tests.test_cycle.TestRunCycleBasic" name="test_run_cycle_updates_last_cycle_start" time="0.008" /><testcase classname="tests.test_cycle.TestRunCycleParallel" name="test_run_cycle_parallel_disabled" time="0.009" /><testcase classname="tests.test_cycle.TestRunCycleParallel" name="test_run_cycle_parallel_enabled" time="0.016" /><testcase classname="tests.test_cycle.TestRunCycleParallel" name="test_run_cycle_parallel_with_timeout" time="0.011" /><testcase classname="tests.test_cycle.TestRunCycleMetrics" name="test_run_cycle_records_cycle_duration" time="0.012" /><testcase classname="tests.test_cycle.TestRunCycleMetrics" name="test_run_cycle_increments_cycle_count" time="0.008" /><testcase classname="tests.test_cycle.TestRunCycleErrorHandling" name="test_run_cycle_handles_collector_exception" time="0.009" /><testcase classname="tests.test_cycle.TestRunCycleErrorHandling" name="test_run_cycle_handles_metrics_exception" time="0.012" /><testcase classname="tests.test_cycle.TestRunCycleIntegration" name="test_run_cycle_full_flow" time="0.011" /><testcase classname="tests.test_cycle.TestRunCycleIntegration" name="test_run_cycle_with_auto_snapshots" time="0.008" /><testcase classname="tests.test_cycle.TestRunCycleIntegration" name="test_run_cycle_respects_sla_fraction" time="0.013" /><testcase classname="tests.test_cycle.TestRecordCycleMetrics" name="test_record_metrics_success_cycle" time="0.006" /><testcase classname="tests.test_cycle.TestRecordCycleMetrics" name="test_record_metrics_failed_cycle" time="0.004" /><testcase classname="tests.test_cycle.TestRecordCycleMetrics" name="test_record_metrics_sla_breach" time="0.004" /><testcase classname="tests.test_cycle.TestRecordCycleMetrics" name="test_record_metrics_within_sla" time="0.007" /><testcase classname="tests.test_cycle.TestRecordCycleMetrics" name="test_record_metrics_no_metrics_object" time="0.006" /><testcase classname="tests.test_cycle.TestPipelineIntegration" name="test_pipeline_run_expiry_basic" time="0.001" /><testcase classname="tests.test_cycle.TestPipelineIntegration" name="test_pipeline_run_expiry_exception" time="0.001" /><testcase classname="tests.test_cycle.TestEnvironmentVariableHandling" name="test_cycle_interval_from_env" time="0.011" /><testcase classname="tests.test_cycle.TestEnvironmentVariableHandling" name="test_invalid_cycle_interval_fallback" time="0.009" /><testcase classname="tests.test_cycle.TestEnvironmentVariableHandling" name="test_parallel_workers_clamping" time="0.015" /><testcase classname="tests.test_cycle.TestEnvironmentVariableHandling" name="test_missing_cycle_factor_bounds" time="0.009" /><testcase classname="tests.test_cycle_env_settings" name="test_cycle_env_settings_basic_mapping" time="0.001" /><testcase classname="tests.test_cycle_env_settings" name="test_cycle_env_settings_prefers_collector_settings" time="0.001" /><testcase classname="tests.test_cycle_env_settings" name="test_cycle_env_settings_defaults" time="0.002" /><testcase classname="tests.test_cycle_sla_breach_doc" name="test_cycle_sla_breach_counter_increment" time="0.001" /><testcase classname="tests.test_cycle_sla_breach_metric" name="test_cycle_sla_breach_increments" time="0.057" /><testcase classname="tests.test_cycle_tables_integration" name="test_cycle_tables_integration_enabled" time="0.016" /><testcase classname="tests.test_cycle_tables_integration" name="test_cycle_tables_integration_disabled" time="0.014" /><testcase classname="tests.test_daily_header" name="test_daily_header_once_per_process" time="0.001" /><testcase classname="tests.test_dashboard_config_override" name="test_explorer_config_override_band_pct" time="1.649" /><testcase classname="tests.test_csv_health_adv" name="test_health_with_advanced_backlog_idle" time="0.004" /><testcase classname="tests.test_dashboard_explorer_compact" name="test_explorer_compact_dashboard_generated" time="1.624" /><testcase classname="tests.test_csv_health_adv" name="test_health_basic_no_advanced" time="0.003" /><testcase classname="tests.test_dashboard_explorer_delta" name="test_explorer_summary_delta_target" time="1.645" /><testcase classname="tests.test_csv_sink.TestCsvSinkInit" name="test_init_with_absolute_path" time="0.002" /><testcase classname="tests.test_dashboard_explorer_summary" name="test_explorer_histogram_summary_panel" time="1.649" /><testcase classname="tests.test_config_provider_capabilities" name="test_provider_capability_validation" time="0.013" /><testcase classname="tests.test_dashboard_inventory_diff" name="test_inventory_diff_added_removed_renamed" time="0.359" /><testcase classname="tests.test_dashboard_inventory_export" name="test_inventory_csv_and_jsonl" time="2.606" /><testcase classname="tests.test_ann_index_fallback" name="test_ann_index_bruteforce_cosine" time="0.002" /><testcase classname="tests.test_data_quality_flow_unit" name="test_dq_no_issues" time="0.001" /><testcase classname="tests.test_data_quality_flow_unit" name="test_dq_option_issues" time="0.001" /><testcase classname="tests.test_data_quality_flow_unit" name="test_dq_consistency_issues" time="0.001" /><testcase classname="tests.test_data_quality_flow_unit" name="test_dq_exceptions_do_not_raise" time="0.001" /><testcase classname="tests.test_data_quality_fuzz.TestDataQualityFuzz" name="test_random_valid_prices" time="0.001" /><testcase classname="tests.test_data_quality_fuzz.TestDataQualityFuzz" name="test_invalid_prices" time="0.001" /><testcase classname="tests.test_data_quality_fuzz.TestDataQualityFuzz" name="test_nan_and_inf_handling" time="0.001" /><testcase classname="tests.test_data_quality_fuzz.TestDataQualityFuzz" name="test_missing_fields" time="0.001" /><testcase classname="tests.test_dead_code_guard" name="test_no_dead_code_in_src_via_vulture" time="0.000"><skipped type="pytest.skip" message="vulture not installed; skip dead code guard">C:\Users\Asus\Desktop\g6_reorganized\tests\test_dead_code_guard.py:9: vulture not installed; skip dead code guard</skipped></testcase><testcase classname="tests.test_dead_code_scan_optional" name="test_dead_code_scan_clean" time="0.000"><skipped type="pytest.skip" message="Set G6_ENABLE_OPTIONAL_TESTS=1 to run optional tests">C:\Users\Asus\Desktop\g6_reorganized\tests\test_dead_code_scan_optional.py:8: Set G6_ENABLE_OPTIONAL_TESTS=1 to run optional tests</skipped></testcase><testcase classname="tests.test_deprecation_hygiene" name="test_no_unexpected_deprecations" time="0.003" /><testcase classname="tests.test_deprecation_pipeline_flag" name="test_pipeline_flag_emits_deprecation" time="0.009" /><testcase classname="tests.test_deprecation_warnings" name="test_removed_unified_main_import" time="0.002" /><testcase classname="tests.test_deprecation_warnings" name="test_run_live_removed" time="0.001" /><testcase classname="tests.test_deprecations_registry_format" name="test_deprecations_registry_tables_present" time="0.001" /><testcase classname="tests.test_deprecations_registry_format" name="test_deprecations_no_duplicate_component_rows" time="0.001" /><testcase classname="tests.test_diagnostics_expansion" name="test_snapshot_basic_keys" time="0.001" /><testcase classname="tests.test_diagnostics_expansion" name="test_snapshot_with_legacy_provider_flags" time="0.001" /><testcase classname="tests.test_disagreement_forecast_stub" name="test_forecast_columns_and_values" time="0.025" /><testcase classname="tests.test_domain_models" name="test_option_quote_from_raw_basic" time="0.003" /><testcase classname="tests.test_domain_models" name="test_enriched_option_from_quote" time="0.001" /><testcase classname="tests.test_domain_models" name="test_expiry_snapshot_option_count" time="0.001" /><testcase classname="tests.test_domain_models.TestParseTimestamp" name="test_parse_ts_iso8601_formats" time="0.001" /><testcase classname="tests.test_domain_models.TestParseTimestamp" name="test_parse_ts_edge_cases" time="0.002" /><testcase classname="tests.test_domain_models.TestOptionQuoteExtended" name="test_from_raw_without_exchange" time="0.001" /><testcase classname="tests.test_domain_models.TestOptionQuoteExtended" name="test_from_raw_with_ltp_field" time="0.001" /><testcase classname="tests.test_domain_models.TestOptionQuoteExtended" name="test_from_raw_with_ts_field" time="0.001" /><testcase classname="tests.test_domain_models.TestOptionQuoteExtended" name="test_from_raw_missing_optional_fields" time="0.001" /><testcase classname="tests.test_domain_models.TestOptionQuoteExtended" name="test_from_raw_none_values" time="0.001" /><testcase classname="tests.test_domain_models.TestOptionQuoteExtended" name="test_as_dict_with_timestamp" time="0.001" /><testcase classname="tests.test_domain_models.TestOptionQuoteExtended" name="test_as_dict_without_timestamp" time="0.001" /><testcase classname="tests.test_domain_models.TestOptionQuoteExtended" name="test_raw_field_preservation" time="0.001" /><testcase classname="tests.test_domain_models.TestEnrichedOptionExtended" name="test_from_quote_with_all_greeks" time="0.001" /><testcase classname="tests.test_domain_models.TestEnrichedOptionExtended" name="test_from_quote_partial_greeks" time="0.001" /><testcase classname="tests.test_domain_models.TestEnrichedOptionExtended" name="test_inherits_base_fields" time="0.001" /><testcase classname="tests.test_domain_models.TestExpirySnapshotExtended" name="test_as_dict_complete" time="0.001" /><testcase classname="tests.test_domain_models.TestExpirySnapshotExtended" name="test_as_dict_empty_options" time="0.001" /><testcase classname="tests.test_domain_models.TestOverviewSnapshot" name="test_from_expiry_snapshots_multi_index" time="0.001" /><testcase classname="tests.test_domain_models.TestOverviewSnapshot" name="test_from_expiry_snapshots_pcr_calculation" time="0.001" /><testcase classname="tests.test_domain_models.TestOverviewSnapshot" name="test_from_expiry_snapshots_no_calls" time="0.001" /><testcase classname="tests.test_domain_models.TestOverviewSnapshot" name="test_from_expiry_snapshots_max_pain" time="0.001" /><testcase classname="tests.test_domain_models.TestOverviewSnapshot" name="test_from_expiry_snapshots_empty" time="0.001" /><testcase classname="tests.test_domain_models.TestOverviewSnapshot" name="test_from_expiry_snapshots_unique_indices" time="0.001" /><testcase classname="tests.test_domain_models.TestOverviewSnapshot" name="test_as_dict_complete" time="0.002" /><testcase classname="tests.test_domain_models.TestOverviewSnapshot" name="test_as_dict_with_nulls" time="0.001" /><testcase classname="tests.test_e2e_workflows.TestCompleteCollectionCycles" name="test_single_index_complete_cycle" time="0.006" /><testcase classname="tests.test_e2e_workflows.TestCompleteCollectionCycles" name="test_multi_expiry_cycle" time="0.004" /><testcase classname="tests.test_e2e_workflows.TestCompleteCollectionCycles" name="test_cycle_with_greeks_enrichment" time="0.003" /><testcase classname="tests.test_e2e_workflows.TestCompleteCollectionCycles" name="test_cycle_with_timing_metrics" time="0.005" /><testcase classname="tests.test_e2e_workflows.TestMultiIndexScenarios" name="test_sequential_multi_index_collection" time="0.004" /><testcase classname="tests.test_dashboard_explorer" name="test_explorer_dashboard_generated" time="1.737" /><testcase classname="tests.test_e2e_workflows.TestMultiIndexScenarios" name="test_concurrent_multi_index_collection" time="0.005" /><testcase classname="tests.test_e2e_workflows.TestMultiIndexScenarios" name="test_multi_index_with_different_strike_ranges" time="0.004" /><testcase classname="tests.test_e2e_workflows.TestErrorRecoveryWorkflows" name="test_partial_data_handling" time="0.004" /><testcase classname="tests.test_e2e_workflows.TestErrorRecoveryWorkflows" name="test_validation_failure_recovery" time="0.004" /><testcase classname="tests.test_e2e_workflows.TestErrorRecoveryWorkflows" name="test_storage_failure_resilience" time="0.004" /><testcase classname="tests.test_e2e_workflows.TestDataQualityIntegration" name="test_price_outlier_detection" time="0.004" /><testcase classname="tests.test_e2e_workflows.TestDataQualityIntegration" name="test_expiry_consistency_check" time="0.003" /><testcase classname="tests.test_e2e_workflows.TestDataQualityIntegration" name="test_index_data_validation" time="0.003" /><testcase classname="tests.test_e2e_workflows.TestPerformanceUnderLoad" name="test_high_volume_option_processing" time="0.005" /><testcase classname="tests.test_e2e_workflows.TestPerformanceUnderLoad" name="test_concurrent_cycles_stability" time="0.008" /><testcase classname="tests.test_e2e_workflows.TestMetricsEmissionVerification" name="test_collection_cycle_metrics" time="0.005" /><testcase classname="tests.test_e2e_workflows.TestMetricsEmissionVerification" name="test_error_metrics_emission" time="0.004" /><testcase classname="tests.test_e2e_workflows.TestMetricsEmissionVerification" name="test_performance_metrics_emission" time="0.004" /><testcase classname="tests.test_emission_batcher" name="test_batcher_flush_basic" time="0.002" /><testcase classname="tests.test_emission_batcher" name="test_batcher_queue_overflow" time="0.002" /><testcase classname="tests.test_emission_batcher_adaptive" name="test_adaptive_increases_with_rate" time="0.002" /><testcase classname="tests.test_emission_batcher_adaptive" name="test_adaptive_clamped_between_min_max" time="0.006" /><testcase classname="tests.test_emission_batcher_adaptive" name="test_batcher_disabled_direct_passthrough" time="0.001" /><testcase classname="tests.test_emission_batcher_utilization" name="test_utilization_and_downshift" time="0.025" /><testcase classname="tests.test_enhanced_cache.TestCacheStats" name="test_empty_stats" time="0.001" /><testcase classname="tests.test_enhanced_cache.TestCacheStats" name="test_hit_rate_calculation" time="0.001" /><testcase classname="tests.test_enhanced_cache.TestCacheStats" name="test_stats_to_dict" time="0.001" /><testcase classname="tests.test_enhanced_cache.TestEnhancedFileCache" name="test_stat_cache_hit" time="0.014" /><testcase classname="tests.test_enhanced_cache.TestEnhancedFileCache" name="test_stat_cache_nonexistent" time="0.002" /><testcase classname="tests.test_enhanced_cache.TestEnhancedFileCache" name="test_exists_cache_hit" time="0.002" /><testcase classname="tests.test_enhanced_cache.TestEnhancedFileCache" name="test_exists_cache_nonexistent" time="0.001" /><testcase classname="tests.test_enhanced_cache.TestEnhancedFileCache" name="test_json_cache_hit" time="0.003" /><testcase classname="tests.test_enhanced_cache.TestEnhancedFileCache" name="test_json_cache_nonexistent" time="0.001" /><testcase classname="tests.test_enhanced_cache.TestEnhancedFileCache" name="test_json_cache_invalid" time="0.004" /><testcase classname="tests.test_enhanced_cache.TestEnhancedFileCache" name="test_lru_eviction" time="0.005" /><testcase classname="tests.test_enhanced_cache.TestEnhancedFileCache" name="test_get_stats" time="0.002" /><testcase classname="tests.test_enhanced_cache.TestEnhancedFileCache" name="test_clear_cache" time="0.003" /><testcase classname="tests.test_enhanced_cache.TestEnhancedFileCache" name="test_singleton" time="0.001" /><testcase classname="tests.test_enhanced_cache.TestCachePerformance" name="test_stat_speedup" time="0.000"><skipped type="pytest.skip" message="Set G6_ENABLE_OPTIONAL_TESTS=1 to run optional tests">C:\Users\Asus\Desktop\g6_reorganized\tests\test_enhanced_cache.py:264: Set G6_ENABLE_OPTIONAL_TESTS=1 to run optional tests</skipped></testcase><testcase classname="tests.test_enhanced_cache.TestCachePerformance" name="test_json_parse_speedup" time="0.000"><skipped type="pytest.skip" message="Set G6_ENABLE_OPTIONAL_TESTS=1 to run optional tests">C:\Users\Asus\Desktop\g6_reorganized\tests\test_enhanced_cache.py:295: Set G6_ENABLE_OPTIONAL_TESTS=1 to run optional tests</skipped></testcase><testcase classname="tests.test_enhanced_cache.TestCachePerformance" name="test_high_hit_rate_under_load" time="0.000"><skipped type="pytest.skip" message="Set G6_ENABLE_OPTIONAL_TESTS=1 to run optional tests">C:\Users\Asus\Desktop\g6_reorganized\tests\test_enhanced_cache.py:333: Set G6_ENABLE_OPTIONAL_TESTS=1 to run optional tests</skipped></testcase><testcase classname="tests.test_enrichment_async" name="test_async_disabled_delegates_sync" time="0.001" /><testcase classname="tests.test_enrichment_async" name="test_async_single_bulk" time="0.001" /><testcase classname="tests.test_enrichment_async" name="test_async_batched_success" time="0.003" /><testcase classname="tests.test_enrichment_async" name="test_async_failure_fallback_sync" time="0.002" /><testcase classname="tests.test_enrichment_async" name="test_async_empty_retry_sync" time="0.001" /><testcase classname="tests.test_enrichment_async_fallback" name="test_enrichment_async_fallback" time="0.003" /><testcase classname="tests.test_ensemble_applied_k" name="test_applied_k_prefers_smooth_when_available" time="1.704" /><testcase classname="tests.test_dashboard_explorer_overlay" name="test_explorer_overlay_variable_and_target" time="1.758" /><testcase classname="tests.test_dashboard_explorer_quantile" name="test_explorer_quantile_variable_and_targets" time="1.748" /><testcase classname="tests.test_dashboard_explorer_ultra" name="test_explorer_ultra_dashboard_generated" time="1.760" /><testcase classname="tests.test_collector_basic_filters" name="test_basic_filters_volume_oi" time="0.002" /><testcase classname="tests.test_env_adapter" name="test_get_float_and_default" time="0.001" /><testcase classname="tests.test_env_adapter" name="test_get_str_default" time="0.001" /><testcase classname="tests.test_env_adapter" name="test_get_csv_parse_and_transform" time="0.001" /><testcase classname="tests.test_env_adapter_lint_optional" name="test_no_direct_env_usage_in_core_packages" time="0.000"><skipped type="pytest.skip" message="Set G6_ENV_ADAPTER_LINT=1 to enable env adapter lint">C:\Users\Asus\Desktop\g6_reorganized\tests\test_env_adapter_lint_optional.py:11: Set G6_ENV_ADAPTER_LINT=1 to enable env adapter lint</skipped></testcase><testcase classname="tests.test_env_config" name="test_basic_parsing_and_defaults" time="0.001" /><testcase classname="tests.test_env_config" name="test_unified_master_compatibility" time="0.001" /><testcase classname="tests.test_env_config" name="test_bool_parsing_variants" time="0.001" /><testcase classname="tests.test_env_config" name="test_list_parsing_and_defaults" time="0.001" /><testcase classname="tests.test_env_config" name="test_cached_loader_idempotence" time="0.002" /><testcase classname="tests.test_env_config" name="test_invalid_numeric_fallbacks" time="0.001" /><testcase classname="tests.test_env_config" name="test_threshold_override_json_malformed" time="0.001" /><testcase classname="tests.test_env_config_catalogs" name="test_env_catalog_generated" time="0.002" /><testcase classname="tests.test_env_config_catalogs" name="test_config_catalog_generated" time="0.001"
[...]
"0.002" /><testcase classname="tests.test_timeutils.TestIsMarketOpen" name="test_is_market_open_at_exact_open" time="0.001" /><testcase classname="tests.test_timeutils.TestIsMarketOpen" name="test_is_market_open_before_hours" time="0.002" /><testcase classname="tests.test_timeutils.TestIsMarketOpen" name="test_is_market_open_at_exact_close" time="0.001" /><testcase classname="tests.test_timeutils.TestIsMarketOpen" name="test_is_market_open_converts_utc_to_ist" time="0.001" /><testcase classname="tests.test_timeutils.TestMarketHoursCheck" name="test_market_hours_check_during_open" time="0.001" /><testcase classname="tests.test_timeutils.TestIsMarketOpen" name="test_is_market_open_uses_current_time_if_none" time="0.001" /><testcase classname="tests.test_timeutils.TestMarketHoursCheck" name="test_market_hours_check_before_premarket" time="0.001" /><testcase classname="tests.test_timeutils.TestMarketHoursCheck" name="test_market_hours_check_during_premarket" time="0.001" /><testcase classname="tests.test_timeutils.TestMarketHoursCheck" name="test_market_hours_check_during_postmarket" time="0.001" /><testcase classname="tests.test_timeutils.TestMarketHoursCheck" name="test_market_hours_check_weekend" time="0.001" /><testcase classname="tests.test_timeutils.TestMarketHoursCheck" name="test_market_hours_check_after_postmarket" time="0.001" /><testcase classname="tests.test_timeutils.TestMarketHoursCheck" name="test_market_hours_check_weekend_mode" time="0.006" /><testcase classname="tests.test_timeutils.TestNextMarketOpen" name="test_next_market_open_before_open_same_day" time="0.001" /><testcase classname="tests.test_timeutils.TestNextMarketOpen" name="test_next_market_open_from_weekend" time="0.001" /><testcase classname="tests.test_timeutils.TestNextMarketOpen" name="test_next_market_open_after_close" time="0.001" /><testcase classname="tests.test_timeutils.TestTimeUntilMarketOpen" name="test_time_until_market_open_before_open" time="0.001" /><testcase classname="tests.test_timeutils.TestTimeUntilMarketOpen" name="test_time_until_market_open_after_close" time="0.001" /><testcase classname="tests.test_timeutils.TestTimeUntilMarketOpen" name="test_time_until_market_open_uses_current_time" time="0.001" /><testcase classname="tests.test_timeutils.TestFormatIstTime" name="test_format_ist_time_with_ist_datetime" time="0.001" /><testcase classname="tests.test_timeutils.TestNextMarketOpen" name="test_next_market_open_uses_current_time_if_none" time="0.001" /><testcase classname="tests.test_timeutils.TestFormatIstTime" name="test_format_ist_time_with_utc_datetime" time="0.002" /><testcase classname="tests.test_timeutils.TestGetMarketSessionBounds" name="test_get_market_session_bounds_for_date" time="0.002" /><testcase classname="tests.test_timeutils.TestGetMarketSessionBounds" name="test_get_market_session_bounds_uses_today_if_none" time="0.001" /><testcase classname="tests.test_timeutils.TestExpiryCalculations" name="test_compute_weekly_expiry_returns_thursday" time="0.001" /><testcase classname="tests.test_timeutils.TestExpiryCalculations" name="test_compute_weekly_expiry_from_thursday" time="0.001" /><testcase classname="tests.test_timeutils.TestExpiryCalculations" name="test_compute_weekly_expiry_with_datetime" time="0.001" /><testcase classname="tests.test_timeutils.TestExpiryCalculations" name="test_compute_weekly_expiry_from_sunday" time="0.001" /><testcase classname="tests.test_timeutils.TestExpiryCalculations" name="test_compute_next_weekly_expiry_from_thursday" time="0.001" /><testcase classname="tests.test_timeutils.TestExpiryCalculations" name="test_compute_next_weekly_expiry" time="0.001" /><testcase classname="tests.test_timeutils.TestExpiryCalculations" name="test_compute_monthly_expiry_returns_last_thursday" time="0.002" /><testcase classname="tests.test_timeutils.TestExpiryCalculations" name="test_compute_monthly_expiry_november" time="0.008" /><testcase classname="tests.test_timeutils.TestExpiryCalculations" name="test_compute_next_monthly_expiry" time="0.001" /><testcase classname="tests.test_timeutils.TestExpiryCalculations" name="test_compute_monthly_expiry_with_datetime" time="0.001" /><testcase classname="tests.test_timeutils.TestExpiryCalculations" name="test_compute_next_monthly_expiry_from_last_thursday" time="0.001" /><testcase classname="tests.test_timeutils.TestExpiryCalculations" name="test_compute_monthly_expiry_custom_dow" time="0.001" /><testcase classname="tests.test_timeutils.TestRoundTimestamp" name="test_round_timestamp_nearest_30s" time="0.001" /><testcase classname="tests.test_timeutils.TestRoundTimestamp" name="test_round_timestamp_nearest_rounds_up" time="0.001" /><testcase classname="tests.test_timeutils.TestRoundTimestamp" name="test_round_timestamp_floor" time="0.001" /><testcase classname="tests.test_timeutils.TestRoundTimestamp" name="test_round_timestamp_preserves_timezone" time="0.001" /><testcase classname="tests.test_timeutils.TestRoundTimestamp" name="test_round_timestamp_ceil" time="0.001" /><testcase classname="tests.test_timeutils.TestRoundTimestamp" name="test_round_timestamp_removes_microseconds" time="0.001" /><testcase classname="tests.test_timeutils.TestExpiryCalculations" name="test_compute_weekly_expiry_custom_dow" time="0.001" /><testcase classname="tests.test_timeutils.TestRoundTimestamp" name="test_round_timestamp_invalid_step_raises" time="0.001" /><testcase classname="tests.test_timeutils.TestRoundTimestamp" name="test_round_timestamp_60s_step" time="0.001" /><testcase classname="tests.test_timeutils.TestRoundTimestamp" name="test_round_timestamp_1s_step" time="0.001" /><testcase classname="tests.test_timeutils.TestWeekendMode" name="test_is_market_open_weekend_mode_enabled" time="0.004" /><testcase classname="tests.test_timeutils.TestWeekendMode" name="test_weekend_mode_with_string_true" time="0.005" /><testcase classname="tests.test_timeutils.TestWeekendMode" name="test_weekend_mode_env_var_missing" time="0.005" /><testcase classname="tests.test_timeutils.TestEdgeCases" name="test_ist_conversion_with_dst_safe" time="0.001" /><testcase classname="tests.test_timeutils.TestEdgeCases" name="test_expiry_on_month_with_4_thursdays" time="0.001" /><testcase classname="tests.test_timeutils.TestEdgeCases" name="test_market_open_boundary_friday" time="0.001" /><testcase classname="tests.test_timeutils.TestEdgeCases" name="test_market_open_boundary_sunday" time="0.001" /><testcase classname="tests.test_timeutils_rounding" name="test_round_timestamp_nearest" time="0.001" /><testcase classname="tests.test_timeutils.TestEdgeCases" name="test_expiry_on_month_with_5_thursdays" time="0.002" /><testcase classname="tests.test_timeutils_rounding" name="test_round_timestamp_floor" time="0.001" /><testcase classname="tests.test_timeutils_rounding" name="test_round_timestamp_ceil" time="0.001" /><testcase classname="tests.test_timeutils_utc_now" name="test_utc_now_is_timezone_aware" time="0.001" /><testcase classname="tests.test_token_providers" name="test_fake_provider_validate_and_acquire" time="0.001" /><testcase classname="tests.test_timeutils_utc_now" name="test_utc_now_monotonic_increase" time="0.001" /><testcase classname="tests.test_token_providers" name="test_kite_provider_headless_requires_request_token" time="0.000"><skipped type="pytest.skip" message="Broker tests skipped (set G6_ENABLE_BROKER_TESTS=1 to enable)">C:\Users\Asus\Desktop\g6_reorganized\tests\test_token_providers.py:23: Broker tests skipped (set G6_ENABLE_BROKER_TESTS=1 to enable)</skipped></testcase><testcase classname="tests.test_trace_auto_disable" name="test_trace_auto_disable" time="0.031" /><testcase classname="tests.test_token_providers" name="test_token_manager_headless_fake_provider" time="0.018" /><testcase classname="tests.test_tracing" name="test_tracing_disabled_by_default" time="0.002" /><testcase classname="tests.test_tracing" name="test_tracing_enabled" time="0.003" /><testcase classname="tests.test_tracing" name="test_tracing_runtime_disable" time="0.002" /><testcase classname="tests.test_summary_auto_recovery" name="test_auto_recovery_force_full_once" time="0.769" /><testcase classname="tests.test_unified_conflict_detection" name="test_panels_writer_skipped_when_bridge_active" time="0.157" /><testcase classname="tests.test_unified_http_basic" name="test_unified_http_endpoints" time="0.514" /><testcase classname="tests.test_tracing" name="test_tracing_quiet_mode_block" time="0.002" /><testcase classname="tests.test_unified_http_server" name="test_metrics_endpoint_returns_prometheus_format" time="0.706" /><testcase classname="tests.test_tracing" name="test_tracing_quiet_allow_override" time="0.003" /><testcase classname="tests.test_unified_http_server" name="test_sse_endpoint_accessible" time="0.722" /><testcase classname="tests.test_unified_http_server" name="test_unified_server_starts_and_stops" time="0.719" /><testcase classname="tests.test_summary_curated_layout" name="test_curated_layout_prunes_analytics_first" time="0.001" /><testcase classname="tests.test_unified_http_server" name="test_multiple_concurrent_requests" time="0.711" /><testcase classname="tests.test_structured_error_records" name="test_phase_function_error_capture" time="0.003" /><testcase classname="tests.test_unified_loop_dual_emission" name="test_dual_emission_model_present" time="0.006" /><testcase classname="tests.test_unified_snapshot_adapter" name="test_unified_loop_builds_snapshot" time="0.021" /><testcase classname="tests.test_unified_source_basic" name="test_indices_normalization_from_metrics_list" time="0.002" /><testcase classname="tests.test_unified_source_basic" name="test_indices_passthrough_from_metrics_dict" time="0.001" /><testcase classname="tests.test_unified_source_basic" name="test_force_and_disable_flags" time="0.002" /><testcase classname="tests.test_unified_source_basic" name="test_cache_invalidation_runtime_status" time="0.001" /><testcase classname="tests.test_unified_source_cache_stats" name="test_cache_stats_status_hits_and_misses" time="0.016" /><testcase classname="tests.test_unified_source_cache_stats" name="test_cache_stats_panel_and_raw" time="0.016" /><testcase classname="tests.test_unified_source_status_api" name="test_unified_source_status_endpoint_imports" time="0.005" /><testcase classname="tests.test_unified_structured_return" name="test_unified_collectors_structured_return" time="0.009" /><testcase classname="tests.test_unified_summary_parity_stub" name="test_unified_loop_parity_basic" time="0.222" /><testcase classname="tests.test_unified_http_server" name="test_health_endpoint_returns_status" time="0.715" /><testcase classname="tests.test_summary_curated_layout" name="test_curated_layout_shrinks_before_drop" time="0.002" /><testcase classname="tests.test_utils_data_quality.TestDataQualityChecker" name="test_validate_options_data_empty" time="0.001" /><testcase classname="tests.test_utils_data_quality.TestDataQualityChecker" name="test_validate_options_data_valid" time="0.001" /><testcase classname="tests.test_utils_data_quality.TestDataQualityChecker" name="test_validate_options_data_invalid_format" time="0.001" /><testcase classname="tests.test_utils_data_quality.TestDataQualityChecker" name="test_validate_options_data_missing_fields" time="0.002" /><testcase classname="tests.test_utils_data_quality.TestDataQualityChecker" name="test_validate_options_data_invalid_instrument_type" time="0.001" /><testcase classname="tests.test_utils_data_quality.TestDataQualityChecker" name="test_validate_options_data_negative_price" time="0.001" /><testcase classname="tests.test_utils_data_quality.TestDataQualityChecker" name="test_validate_options_data_invalid_price_type" time="0.001" /><testcase classname="tests.test_utils_data_quality.TestDataQualityChecker" name="test_validate_options_data_invalid_strike" time="0.001" /><testcase classname="tests.test_utils_data_quality.TestDataQualityChecker" name="test_validate_options_data_negative_volume" time="0.001" /><testcase classname="tests.test_utils_data_quality.TestDataQualityChecker" name="test_validate_options_data_negative_oi" time="0.001" /><testcase classname="tests.test_utils_data_quality.TestDataQualityChecker" name="test_is_price_outlier_normal" time="0.001" /><testcase classname="tests.test_utils_data_quality.TestDataQualityChecker" name="test_is_price_outlier_extreme" time="0.001" /><testcase classname="tests.test_utils_data_quality.TestDataQualityChecker" name="test_is_price_outlier_ce_exceeds_strike" time="0.001" /><testcase classname="tests.test_utils_data_quality.TestDataQualityChecker" name="test_is_price_outlier_pe_exceeds_half_strike" time="0.001" /><testcase classname="tests.test_utils_data_quality.TestDataQualityChecker" name="test_is_price_outlier_zero_price" time="0.001" /><testcase classname="tests.test_utils_data_quality.TestDataQualityChecker" name="test_is_price_outlier_tiny_atm_price" time="0.001" /><testcase classname="tests.test_utils_data_quality.TestDataQualityChecker" name="test_is_price_outlier_bid_exceeds_ask" time="0.001" /><testcase classname="tests.test_utils_data_quality.TestDataQualityChecker" name="test_is_price_outlier_wide_spread" time="0.001" /><testcase classname="tests.test_utils_data_quality.TestDataQualityChecker" name="test_is_price_outlier_with_historical_data" time="0.001" /><testcase classname="tests.test_utils_data_quality.TestDataQualityChecker" name="test_is_price_outlier_insufficient_historical" time="0.001" /><testcase classname="tests.test_utils_data_quality.TestDataQualityChecker" name="test_check_expiry_consistency_empty" time="0.001" /><testcase classname="tests.test_utils_data_quality.TestDataQualityChecker" name="test_check_expiry_consistency_next_week_outlier" time="0.001" /><testcase classname="tests.test_utils_data_quality.TestDataQualityChecker" name="test_check_expiry_consistency_iv_out_of_range" time="0.001" /><testcase classname="tests.test_utils_data_quality.TestDataQualityChecker" name="test_check_expiry_consistency_monthly_static_prices" time="0.001" /><testcase classname="tests.test_utils_data_quality.TestDataQualityChecker" name="test_validate_index_data_valid" time="0.001" /><testcase classname="tests.test_utils_data_quality.TestDataQualityChecker" name="test_validate_index_data_invalid_price" time="0.001" /><testcase classname="tests.test_utils_data_quality.TestDataQualityChecker" name="test_validate_index_data_invalid_format" time="0.001" /><testcase classname="tests.test_utils_data_quality.TestDataQualityChecker" name="test_validate_index_data_with_ohlc_valid" time="0.001" /><testcase classname="tests.test_utils_data_quality.TestDataQualityChecker" name="test_validate_index_data_ohlc_missing_field" time="0.001" /><testcase classname="tests.test_utils_data_quality.TestDataQualityChecker" name="test_validate_index_data_ohlc_invalid_value" time="0.001" /><testcase classname="tests.test_utils_data_quality.TestDataQualityChecker" name="test_validate_index_data_ohlc_inconsistent" time="0.001" /><testcase classname="tests.test_utils_data_quality.TestDataQualityChecker" name="test_get_statistics_empty" time="0.001" /><testcase classname="tests.test_utils_data_quality.TestDataQualityChecker" name="test_get_statistics_basic" time="0.001" /><testcase classname="tests.test_utils_data_quality.TestDataQualityChecker" name="test_get_statistics_calls_only" time="0.001" /><testcase classname="tests.test_utils_data_quality.TestDataQualityChecker" name="test_get_statistics_puts_only" time="0.001" /><testcase classname="tests.test_utils_retry.TestRetryPredicates" name="test_build_retry_predicate_default" time="0.004" /><testcase classname="tests.test_utils_retry.TestRetryPredicates" name="test_build_retry_predicate_whitelist" time="0.004" /><testcase classname="tests.test_utils_retry.TestRetryPredicates" name="test_build_retry_predicate_blacklist" time="0.004" /><testcase classname="tests.test_utils_retry.TestRetryPredicates" name="test_build_retry_predicate_blacklist_wins" time="0.004" /><testcase classname="tests.test_utils_retry.TestRetryStrategies" name="test_build_wait_strategy_default" time="0.001" /><testcase classname="tests.test_stale_gating" name="test_stale_index_modes_mark_and_skip[mark]" time="0.008" /><testcase classname="tests.test_utils_retry.TestRetryStrategies" name="test_build_wait_strategy_custom_backoff" time="0.004" /><testcase classname="tests.test_utils_retry.TestRetryStrategies" name="test_build_stop_strategy_default" time="0.001" /><testcase classname="tests.test_utils_retry.TestRetryStrategies" name="test_build_stop_strategy_custom_attempts" time="0.003" /><testcase classname="tests.test_utils_retry.TestRetryStrategies" name="test_build_wait_strategy_no_jitter" time="0.003" /><testcase classname="tests.test_utils_retry.TestRetryStrategies" name="test_build_stop_strategy_custom_timeout" time="0.004" /><testcase classname="tests.test_utils_retry.TestRetryableDecorator" name="test_retryable_success_first_try" time="0.001" /><testcase classname="tests.test_utils_retry.TestRetryableDecorator" name="test_retryable_exhausts_retries" time="0.018" /><testcase classname="tests.test_utils_retry.TestRetryableDecorator" name="test_retryable_success_after_retries" time="0.043" /><testcase classname="tests.test_unified_terminal_renderer_plain" name="test_terminal_renderer_plain_runs" time="0.008" /><testcase classname="tests.test_utils_retry.TestRetryableDecorator" name="test_retryable_no_retry_on_non_retryable_exception" time="0.005" /><testcase classname="tests.test_utils_retry.TestCallWithRetry" name="test_call_with_retry_success" time="0.001" /><testcase classname="tests.test_utils_retry.TestCallWithRetry" name="test_call_with_retry_raises_retry_error" time="0.020" /><testcase classname="tests.test_utils_retry.TestCallWithRetry" name="test_call_with_retry_success_after_retries" time="0.042" /><testcase classname="tests.test_utils_retry.TestCallWithRetry" name="test_call_with_retry_with_args_kwargs" time="0.003" /><testcase classname="tests.test_utils_retry.TestRetryableDecorator" name="test_retryable_with_reraise_false" time="0.044" /><testcase classname="tests.test_utils_retry.TestRetryIntegration" name="test_retry_with_custom_config" time="0.043" /><testcase classname="tests.test_utils_retry.TestCallWithRetry" name="test_call_with_retry_no_retry_on_non_retryable" time="0.001" /><testcase classname="tests.test_vol_surface_deterministic_interp" name="test_vol_surface_interpolation_records[False]" time="0.013" /><testcase classname="tests.test_weekend_degraded_empty_data" name="test_weekend_degraded_when_empty_data" time="0.007" /><testcase classname="tests.test_unified_http_server" name="test_resync_endpoint_returns_panel_state" time="0.711" /><testcase classname="tests.test_utils_retry.TestRetryIntegration" name="test_retry_blacklist_overrides_whitelist" time="0.004" /><testcase classname="tests.test_validation_module" name="test_validation_filters_zero_price_and_dummy_pattern" time="0.001" /><testcase classname="tests.test_weighted_quantile" name="test_weighted_quantile_skewed_weights" time="0.003" /><testcase classname="tests.test_weighted_ensemble_engine" name="test_header_includes_weighted_and_summary" time="0.004" /><testcase classname="tests.test_weighted_quantile" name="test_weighted_quantile_basic" time="0.003" /><testcase classname="tests.test_weighted_quantile" name="test_weighted_quantile_empty_and_zero" time="0.003" /><testcase classname="tests.test_unified_http_server" name="test_404_for_unknown_paths" time="0.711" /><testcase classname="tests.test_unified_http_server" name="test_path_traversal_rejected" time="0.712" /><testcase classname="tests.test_unified_loop_domain" name="test_unified_loop_builds_domain" time="0.007" /><testcase classname="tests.test_utils_data_quality.TestDataQualityChecker" name="test_init" time="0.003" /><testcase classname="tests.test_weighted_ensemble_engine" name="test_weights_sidecar_written" time="1.438" /></testsuite></testsuites>